<?xml version="1.0" encoding="UTF-8"?>
<testsuite xmlns:xsi="http://www.w3.org/2001/XMLSchema-instance" xsi:noNamespaceSchemaLocation="https://maven.apache.org/surefire/maven-surefire-plugin/xsd/surefire-test-report.xsd" name="dec.ny.gov.etrack.permit.service.impl.ProjectServiceTest" time="0.699" tests="68" errors="2" skipped="0" failures="1">
  <properties>
[...]
</properties>
  <testcase name="testUpdateDocumentReviewerCompletionDetailsCallsRepoToRetrieveDocIdsToResetReviewAsIncomplete" classname="dec.ny.gov.etrack.permit.service.impl.ProjectServiceTest" time="0.006"/>
  <testcase name="testGetProjectPermitStatusThrowsBREForInvalidMode" classname="dec.ny.gov.etrack.permit.service.impl.ProjectServiceTest" time="0.004"/>
  <testcase name="testUpdateDocumentReviewerDetailsThrowsDataNotFoundExceptionForInvalidProjectId" classname="dec.ny.gov.etrack.permit.service.impl.ProjectServiceTest" time="0.005"/>
  <testcase name="testUploadProjectDetailsToEnterpriseThrowsBREForNoProjectToUpload" classname="dec.ny.gov.etrack.permit.service.impl.ProjectServiceTest" time="0.011"/>
  <testcase name="testStoreProjectInfoDeletesAllExistingProjDevelopment" classname="dec.ny.gov.etrack.permit.service.impl.ProjectServiceTest" time="0.008"/>
  <testcase name="testStoreProjectInfoSavesAllProjectsSwFacilityTypes" classname="dec.ny.gov.etrack.permit.service.impl.ProjectServiceTest" time="0.006"/>
  <testcase name="testSaveProjectDoesNotSaveProjectActivityWhenPolygonStatusIsAnalystApproved" classname="dec.ny.gov.etrack.permit.service.impl.ProjectServiceTest" time="0.005"/>
  <testcase name="testUpdateProjectSavesNewProjectActivityOne" classname="dec.ny.gov.etrack.permit.service.impl.ProjectServiceTest" time="0.004"/>
  <testcase name="testUploadGISApprovedPolygonToEFindWithRequest" classname="dec.ny.gov.etrack.permit.service.impl.ProjectServiceTest" time="0.006"/>
  <testcase name="testSaveProjectThrowsBREForInvalidRecvdDateOne" classname="dec.ny.gov.etrack.permit.service.impl.ProjectServiceTest" time="0.007"/>
  <testcase name="testGetBusinessVerifiedReturnsCorrectNameAndOkStatus" classname="dec.ny.gov.etrack.permit.service.impl.ProjectServiceTest" time="0.003"/>
  <testcase name="testGetProjectPermitStatusDoesNotMarkStatusAsCompleteForApplicantValInValidateMode" classname="dec.ny.gov.etrack.permit.service.impl.ProjectServiceTest" time="0.006"/>
  <testcase name="testSaveProjectSavesProjectActivityWhenPolygonStatusEqualsApplicantSubmitted" classname="dec.ny.gov.etrack.permit.service.impl.ProjectServiceTest" time="0.004"/>
  <testcase name="testUpdateProjectSavesNewProjectActivity" classname="dec.ny.gov.etrack.permit.service.impl.ProjectServiceTest" time="0.003"/>
  <testcase name="testStoreProjectInfoSavesAllProjectActivities" classname="dec.ny.gov.etrack.permit.service.impl.ProjectServiceTest" time="0.004"/>
  <testcase name="testSaveProjectThrowsBREForNoRegions" classname="dec.ny.gov.etrack.permit.service.impl.ProjectServiceTest" time="0.002"/>
  <testcase name="testDeleteProjectsThrowsBREWhenSubmittedProjectIsDeleted" classname="dec.ny.gov.etrack.permit.service.impl.ProjectServiceTest" time="0.004"/>
  <testcase name="testUpdateDocumentReviewerCompletionDetailsThrowsBREForInvalidCorrespondenceId" classname="dec.ny.gov.etrack.permit.service.impl.ProjectServiceTest" time="0.003"/>
  <testcase name="testRejectProjectValidationRevertsProjectToDataEntry" classname="dec.ny.gov.etrack.permit.service.impl.ProjectServiceTest" time="0.004"/>
  <testcase name="testSaveDIMSRDetailsMapsRequestDataCorrectly" classname="dec.ny.gov.etrack.permit.service.impl.ProjectServiceTest" time="0.006"/>
  <testcase name="testGetProjectPermitStatusThrowsDNFEForNoProjectActivitiesInDataEntryMode" classname="dec.ny.gov.etrack.permit.service.impl.ProjectServiceTest" time="0.004"/>
  <testcase name="testStoreProjectInfoSavesAllProjectResidentials" classname="dec.ny.gov.etrack.permit.service.impl.ProjectServiceTest" time="0.004"/>
  <testcase name="testSaveDIMSRDetailsThrowsETrackPermitExceptionForErrorWhileUploadingToDART2" classname="dec.ny.gov.etrack.permit.service.impl.ProjectServiceTest" time="0.006"/>
  <testcase name="testUpdateProjectWithValidatedProject" classname="dec.ny.gov.etrack.permit.service.impl.ProjectServiceTest" time="0.003"/>
  <testcase name="testUpdateProjectThrowsDNFEFForNullFacilityEntity" classname="dec.ny.gov.etrack.permit.service.impl.ProjectServiceTest" time="0.002"/>
  <testcase name="testAddSupportDocumentSavesProjectActivity" classname="dec.ny.gov.etrack.permit.service.impl.ProjectServiceTest" time="0.003"/>
  <testcase name="saveNewFacilityAndProject" classname="dec.ny.gov.etrack.permit.service.impl.ProjectServiceTest" time="0.002"/>
  <testcase name="testUpdateDocumentReviewerDetailsThrowsDataNotFoundExceptionForInvalidUserId" classname="dec.ny.gov.etrack.permit.service.impl.ProjectServiceTest" time="0.003"/>
  <testcase name="testGetProjectPermitStatusMapsTaskStatusCorrectlyInDataEntryMode" classname="dec.ny.gov.etrack.permit.service.impl.ProjectServiceTest" time="0.003"/>
  <testcase name="testSubmitProjectThrowsBREForIncompleteProject" classname="dec.ny.gov.etrack.permit.service.impl.ProjectServiceTest" time="0.004"/>
  <testcase name="testUpdateSignatureReceivedCallsProjectRepoToUpdateSignature" classname="dec.ny.gov.etrack.permit.service.impl.ProjectServiceTest" time="0.002"/>
  <testcase name="testUpdateDocumentReviewerDetailsThrowsBREForInvalidDates" classname="dec.ny.gov.etrack.permit.service.impl.ProjectServiceTest" time="0.004"/>
  <testcase name="testSaveDIMSRDetailsThrowsBREForInvalidDIMSRRequest" classname="dec.ny.gov.etrack.permit.service.impl.ProjectServiceTest" time="0.004"/>
  <testcase name="testSubmitProjectThrowsBREForRejectedProject" classname="dec.ny.gov.etrack.permit.service.impl.ProjectServiceTest" time="0.003"/>
  <testcase name="testUpdateProjectThrowsBREForNullFacility" classname="dec.ny.gov.etrack.permit.service.impl.ProjectServiceTest" time="0.004"/>
  <testcase name="testRetrieveProjectDetailBadRequestException2" classname="dec.ny.gov.etrack.permit.service.impl.ProjectServiceTest" time="0.003"/>
  <testcase name="testGetProjectPermitStatusMapsTaskStatusCorrectlyForPermitSummaryValInValidateMode" classname="dec.ny.gov.etrack.permit.service.impl.ProjectServiceTest" time="0.004"/>
  <testcase name="testRetrieveProjectDetailETrackPermitException" classname="dec.ny.gov.etrack.permit.service.impl.ProjectServiceTest" time="0.004"/>
  <testcase name="testRetrieveProjectDetailBadRequestException" classname="dec.ny.gov.etrack.permit.service.impl.ProjectServiceTest" time="0.004"/>
  <testcase name="testUploadGISApprovedPolygonToEFind" classname="dec.ny.gov.etrack.permit.service.impl.ProjectServiceTest" time="0.004"/>
  <testcase name="testStoreProjectInfoThrowsBREForInvalidProjectId" classname="dec.ny.gov.etrack.permit.service.impl.ProjectServiceTest" time="0.004"/>
  <testcase name="testUpdateDocumentReviewerDetailsCorrectlyMapsToAndFromEmailAddresses" classname="dec.ny.gov.etrack.permit.service.impl.ProjectServiceTest" time="0.005"/>
  <testcase name="testUpdateProjectAssignmentSavesProjectAlert" classname="dec.ny.gov.etrack.permit.service.impl.ProjectServiceTest" time="0.005"/>
  <testcase name="testUpdateDocumentReviewerDetailsSavesDocumentReviewWhenReviewerHasDocumentIds" classname="dec.ny.gov.etrack.permit.service.impl.ProjectServiceTest" time="0.006"/>
  <testcase name="testUpdateDocumentReviewerCompletionDetailsThrowsBREForInvalidReviewerId" classname="dec.ny.gov.etrack.permit.service.impl.ProjectServiceTest" time="0.002"/>
  <testcase name="testStoreProjectInfo" classname="dec.ny.gov.etrack.permit.service.impl.ProjectServiceTest" time="0.005"/>
  <testcase name="testStoreProjectInfoUpdatesProjectInfo" classname="dec.ny.gov.etrack.permit.service.impl.ProjectServiceTest" time="0.003"/>
  <testcase name="testSaveDIMSRDetailsThrowsETrackPermitExceptionForErrorWhileUploadingToDART" classname="dec.ny.gov.etrack.permit.service.impl.ProjectServiceTest" time="0.005"/>
  <testcase name="testUpdateProjectSavesNewProjectActivityOneException" classname="dec.ny.gov.etrack.permit.service.impl.ProjectServiceTest" time="0.005"/>
  <testcase name="testUploadProjectDetailsToEnterpriseThrowsNoExceptions" classname="dec.ny.gov.etrack.permit.service.impl.ProjectServiceTest" time="0.008"/>
  <testcase name="testStoreProjectInfoDeletesAllProjectResidentials" classname="dec.ny.gov.etrack.permit.service.impl.ProjectServiceTest" time="0.006"/>
  <testcase name="testUpdateDocumentReviewerCompletionDetailsMakesCallToDMS" classname="dec.ny.gov.etrack.permit.service.impl.ProjectServiceTest" time="0.006">
    <error type="java.lang.NullPointerException">java.lang.NullPointerException
	at dec.ny.gov.etrack.permit.service.impl.ProjectServiceTest.testUpdateDocumentReviewerCompletionDetailsMakesCallToDMS(ProjectServiceTest.java:927)
</error>
    <system-out><![CDATA[10:13:14.731 [main] DEBUG org.springframework.test.annotation.ProfileValueUtils - Retrieved @ProfileValueSourceConfiguration [null] for test class [dec.ny.gov.etrack.permit.service.impl.ProjectServiceTest]
10:13:14.731 [main] DEBUG org.springframework.test.annotation.ProfileValueUtils - Retrieved ProfileValueSource type [class org.springframework.test.annotation.SystemProfileValueSource] for class [dec.ny.gov.etrack.permit.service.impl.ProjectServiceTest]
10:13:14.734 [main] DEBUG org.springframework.test.context.support.DependencyInjectionTestExecutionListener - Performing dependency injection for test context [[DefaultTestContext@3f4515a9 testClass = ProjectServiceTest, testInstance = dec.ny.gov.etrack.permit.service.impl.ProjectServiceTest@691d85be, testMethod = [null], testException = [null], mergedContextConfiguration = [MergedContextConfiguration@1cdb11ff testClass = ProjectServiceTest, locations = '{}', classes = '{}', contextInitializerClasses = '[]', activeProfiles = '{}', propertySourceLocations = '{}', propertySourceProperties = '{}', contextCustomizers = set[org.springframework.boot.test.context.filter.ExcludeFilterContextCustomizer@17947e6d, org.springframework.boot.test.json.DuplicateJsonObjectContextCustomizerFactory$DuplicateJsonObjectContextCustomizer@11eed657, org.springframework.boot.test.mock.mockito.MockitoContextCustomizer@0, org.springframework.boot.test.autoconfigure.properties.PropertyMappingContextCustomizer@0, org.springframework.boot.test.autoconfigure.web.servlet.WebDriverContextCustomizerFactory$Customizer@542f6803], contextLoader = 'org.springframework.test.context.support.DelegatingSmartContextLoader', parent = [null]], attributes = map[[empty]]]].
10:13:14.734 [main] DEBUG org.springframework.test.context.cache.DefaultCacheAwareContextLoaderDelegate - Retrieved ApplicationContext [1534365740] from cache with key [[MergedContextConfiguration@1cdb11ff testClass = ProjectServiceTest, locations = '{}', classes = '{}', contextInitializerClasses = '[]', activeProfiles = '{}', propertySourceLocations = '{}', propertySourceProperties = '{}', contextCustomizers = set[org.springframework.boot.test.context.filter.ExcludeFilterContextCustomizer@17947e6d, org.springframework.boot.test.json.DuplicateJsonObjectContextCustomizerFactory$DuplicateJsonObjectContextCustomizer@11eed657, org.springframework.boot.test.mock.mockito.MockitoContextCustomizer@0, org.springframework.boot.test.autoconfigure.properties.PropertyMappingContextCustomizer@0, org.springframework.boot.test.autoconfigure.web.servlet.WebDriverContextCustomizerFactory$Customizer@542f6803], contextLoader = 'org.springframework.test.context.support.DelegatingSmartContextLoader', parent = [null]]]
10:13:14.734 [main] DEBUG org.springframework.test.context.cache - Spring test ApplicationContext cache statistics: [DefaultContextCache@51c15508 size = 1, maxSize = 32, parentContextCount = 0, hitCount = 3989, missCount = 1]
10:13:14.734 [main] DEBUG org.springframework.test.context.cache.DefaultCacheAwareContextLoaderDelegate - Retrieved ApplicationContext [1534365740] from cache with key [[MergedContextConfiguration@1cdb11ff testClass = ProjectServiceTest, locations = '{}', classes = '{}', contextInitializerClasses = '[]', activeProfiles = '{}', propertySourceLocations = '{}', propertySourceProperties = '{}', contextCustomizers = set[org.springframework.boot.test.context.filter.ExcludeFilterContextCustomizer@17947e6d, org.springframework.boot.test.json.DuplicateJsonObjectContextCustomizerFactory$DuplicateJsonObjectContextCustomizer@11eed657, org.springframework.boot.test.mock.mockito.MockitoContextCustomizer@0, org.springframework.boot.test.autoconfigure.properties.PropertyMappingContextCustomizer@0, org.springframework.boot.test.autoconfigure.web.servlet.WebDriverContextCustomizerFactory$Customizer@542f6803], contextLoader = 'org.springframework.test.context.support.DelegatingSmartContextLoader', parent = [null]]]
10:13:14.734 [main] DEBUG org.springframework.test.context.cache - Spring test ApplicationContext cache statistics: [DefaultContextCache@51c15508 size = 1, maxSize = 32, parentContextCount = 0, hitCount = 3990, missCount = 1]
10:13:14.735 [main] DEBUG org.springframework.test.context.support.AbstractDirtiesContextTestExecutionListener - Before test method: context [DefaultTestContext@3f4515a9 testClass = ProjectServiceTest, testInstance = dec.ny.gov.etrack.permit.service.impl.ProjectServiceTest@691d85be, testMethod = testUpdateDocumentReviewerCompletionDetailsMakesCallToDMS@ProjectServiceTest, testException = [null], mergedContextConfiguration = [MergedContextConfiguration@1cdb11ff testClass = ProjectServiceTest, locations = '{}', classes = '{}', contextInitializerClasses = '[]', activeProfiles = '{}', propertySourceLocations = '{}', propertySourceProperties = '{}', contextCustomizers = set[org.springframework.boot.test.context.filter.ExcludeFilterContextCustomizer@17947e6d, org.springframework.boot.test.json.DuplicateJsonObjectContextCustomizerFactory$DuplicateJsonObjectContextCustomizer@11eed657, org.springframework.boot.test.mock.mockito.MockitoContextCustomizer@0, org.springframework.boot.test.autoconfigure.properties.PropertyMappingContextCustomizer@0, org.springframework.boot.test.autoconfigure.web.servlet.WebDriverContextCustomizerFactory$Customizer@542f6803], contextLoader = 'org.springframework.test.context.support.DelegatingSmartContextLoader', parent = [null]], attributes = map[[empty]]], class annotated with @DirtiesContext [false] with mode [null], method annotated with @DirtiesContext [false] with mode [null].
10:13:14.735 [main] DEBUG org.springframework.test.context.cache.DefaultCacheAwareContextLoaderDelegate - Retrieved ApplicationContext [1534365740] from cache with key [[MergedContextConfiguration@1cdb11ff testClass = ProjectServiceTest, locations = '{}', classes = '{}', contextInitializerClasses = '[]', activeProfiles = '{}', propertySourceLocations = '{}', propertySourceProperties = '{}', contextCustomizers = set[org.springframework.boot.test.context.filter.ExcludeFilterContextCustomizer@17947e6d, org.springframework.boot.test.json.DuplicateJsonObjectContextCustomizerFactory$DuplicateJsonObjectContextCustomizer@11eed657, org.springframework.boot.test.mock.mockito.MockitoContextCustomizer@0, org.springframework.boot.test.autoconfigure.properties.PropertyMappingContextCustomizer@0, org.springframework.boot.test.autoconfigure.web.servlet.WebDriverContextCustomizerFactory$Customizer@542f6803], contextLoader = 'org.springframework.test.context.support.DelegatingSmartContextLoader', parent = [null]]]
10:13:14.735 [main] DEBUG org.springframework.test.context.cache - Spring test ApplicationContext cache statistics: [DefaultContextCache@51c15508 size = 1, maxSize = 32, parentContextCount = 0, hitCount = 3991, missCount = 1]
10:13:14.735 [main] DEBUG org.springframework.test.context.cache.DefaultCacheAwareContextLoaderDelegate - Retrieved ApplicationContext [1534365740] from cache with key [[MergedContextConfiguration@1cdb11ff testClass = ProjectServiceTest, locations = '{}', classes = '{}', contextInitializerClasses = '[]', activeProfiles = '{}', propertySourceLocations = '{}', propertySourceProperties = '{}', contextCustomizers = set[org.springframework.boot.test.context.filter.ExcludeFilterContextCustomizer@17947e6d, org.springframework.boot.test.json.DuplicateJsonObjectContextCustomizerFactory$DuplicateJsonObjectContextCustomizer@11eed657, org.springframework.boot.test.mock.mockito.MockitoContextCustomizer@0, org.springframework.boot.test.autoconfigure.properties.PropertyMappingContextCustomizer@0, org.springframework.boot.test.autoconfigure.web.servlet.WebDriverContextCustomizerFactory$Customizer@542f6803], contextLoader = 'org.springframework.test.context.support.DelegatingSmartContextLoader', parent = [null]]]
10:13:14.735 [main] DEBUG org.springframework.test.context.cache - Spring test ApplicationContext cache statistics: [DefaultContextCache@51c15508 size = 1, maxSize = 32, parentContextCount = 0, hitCount = 3992, missCount = 1]
10:13:14.736 [main] DEBUG org.springframework.test.context.cache.DefaultCacheAwareContextLoaderDelegate - Retrieved ApplicationContext [1534365740] from cache with key [[MergedContextConfiguration@1cdb11ff testClass = ProjectServiceTest, locations = '{}', classes = '{}', contextInitializerClasses = '[]', activeProfiles = '{}', propertySourceLocations = '{}', propertySourceProperties = '{}', contextCustomizers = set[org.springframework.boot.test.context.filter.ExcludeFilterContextCustomizer@17947e6d, org.springframework.boot.test.json.DuplicateJsonObjectContextCustomizerFactory$DuplicateJsonObjectContextCustomizer@11eed657, org.springframework.boot.test.mock.mockito.MockitoContextCustomizer@0, org.springframework.boot.test.autoconfigure.properties.PropertyMappingContextCustomizer@0, org.springframework.boot.test.autoconfigure.web.servlet.WebDriverContextCustomizerFactory$Customizer@542f6803], contextLoader = 'org.springframework.test.context.support.DelegatingSmartContextLoader', parent = [null]]]
10:13:14.736 [main] DEBUG org.springframework.test.context.cache - Spring test ApplicationContext cache statistics: [DefaultContextCache@51c15508 size = 1, maxSize = 32, parentContextCount = 0, hitCount = 3993, missCount = 1]
10:13:14.737 [main] INFO dec.ny.gov.etrack.permit.service.impl.ProjectServiceImpl - Setting this review as complete. Upload the correspondence document into DMS User Id jxpuvoge, Context Id context1234
10:13:14.738 [main] DEBUG org.springframework.test.context.cache.DefaultCacheAwareContextLoaderDelegate - Retrieved ApplicationContext [1534365740] from cache with key [[MergedContextConfiguration@1cdb11ff testClass = ProjectServiceTest, locations = '{}', classes = '{}', contextInitializerClasses = '[]', activeProfiles = '{}', propertySourceLocations = '{}', propertySourceProperties = '{}', contextCustomizers = set[org.springframework.boot.test.context.filter.ExcludeFilterContextCustomizer@17947e6d, org.springframework.boot.test.json.DuplicateJsonObjectContextCustomizerFactory$DuplicateJsonObjectContextCustomizer@11eed657, org.springframework.boot.test.mock.mockito.MockitoContextCustomizer@0, org.springframework.boot.test.autoconfigure.properties.PropertyMappingContextCustomizer@0, org.springframework.boot.test.autoconfigure.web.servlet.WebDriverContextCustomizerFactory$Customizer@542f6803], contextLoader = 'org.springframework.test.context.support.DelegatingSmartContextLoader', parent = [null]]]
10:13:14.738 [main] DEBUG org.springframework.test.context.cache - Spring test ApplicationContext cache statistics: [DefaultContextCache@51c15508 size = 1, maxSize = 32, parentContextCount = 0, hitCount = 3994, missCount = 1]
10:13:14.738 [main] DEBUG org.springframework.test.context.cache.DefaultCacheAwareContextLoaderDelegate - Retrieved ApplicationContext [1534365740] from cache with key [[MergedContextConfiguration@1cdb11ff testClass = ProjectServiceTest, locations = '{}', classes = '{}', contextInitializerClasses = '[]', activeProfiles = '{}', propertySourceLocations = '{}', propertySourceProperties = '{}', contextCustomizers = set[org.springframework.boot.test.context.filter.ExcludeFilterContextCustomizer@17947e6d, org.springframework.boot.test.json.DuplicateJsonObjectContextCustomizerFactory$DuplicateJsonObjectContextCustomizer@11eed657, org.springframework.boot.test.mock.mockito.MockitoContextCustomizer@0, org.springframework.boot.test.autoconfigure.properties.PropertyMappingContextCustomizer@0, org.springframework.boot.test.autoconfigure.web.servlet.WebDriverContextCustomizerFactory$Customizer@542f6803], contextLoader = 'org.springframework.test.context.support.DelegatingSmartContextLoader', parent = [null]]]
10:13:14.738 [main] DEBUG org.springframework.test.context.cache - Spring test ApplicationContext cache statistics: [DefaultContextCache@51c15508 size = 1, maxSize = 32, parentContextCount = 0, hitCount = 3995, missCount = 1]
10:13:14.738 [main] DEBUG org.springframework.test.context.cache.DefaultCacheAwareContextLoaderDelegate - Retrieved ApplicationContext [1534365740] from cache with key [[MergedContextConfiguration@1cdb11ff testClass = ProjectServiceTest, locations = '{}', classes = '{}', contextInitializerClasses = '[]', activeProfiles = '{}', propertySourceLocations = '{}', propertySourceProperties = '{}', contextCustomizers = set[org.springframework.boot.test.context.filter.ExcludeFilterContextCustomizer@17947e6d, org.springframework.boot.test.json.DuplicateJsonObjectContextCustomizerFactory$DuplicateJsonObjectContextCustomizer@11eed657, org.springframework.boot.test.mock.mockito.MockitoContextCustomizer@0, org.springframework.boot.test.autoconfigure.properties.PropertyMappingContextCustomizer@0, org.springframework.boot.test.autoconfigure.web.servlet.WebDriverContextCustomizerFactory$Customizer@542f6803], contextLoader = 'org.springframework.test.context.support.DelegatingSmartContextLoader', parent = [null]]]
10:13:14.738 [main] DEBUG org.springframework.test.context.cache - Spring test ApplicationContext cache statistics: [DefaultContextCache@51c15508 size = 1, maxSize = 32, parentContextCount = 0, hitCount = 3996, missCount = 1]
10:13:14.739 [main] DEBUG org.springframework.test.context.cache.DefaultCacheAwareContextLoaderDelegate - Retrieved ApplicationContext [1534365740] from cache with key [[MergedContextConfiguration@1cdb11ff testClass = ProjectServiceTest, locations = '{}', classes = '{}', contextInitializerClasses = '[]', activeProfiles = '{}', propertySourceLocations = '{}', propertySourceProperties = '{}', contextCustomizers = set[org.springframework.boot.test.context.filter.ExcludeFilterContextCustomizer@17947e6d, org.springframework.boot.test.json.DuplicateJsonObjectContextCustomizerFactory$DuplicateJsonObjectContextCustomizer@11eed657, org.springframework.boot.test.mock.mockito.MockitoContextCustomizer@0, org.springframework.boot.test.autoconfigure.properties.PropertyMappingContextCustomizer@0, org.springframework.boot.test.autoconfigure.web.servlet.WebDriverContextCustomizerFactory$Customizer@542f6803], contextLoader = 'org.springframework.test.context.support.DelegatingSmartContextLoader', parent = [null]]]
10:13:14.739 [main] DEBUG org.springframework.test.context.cache - Spring test ApplicationContext cache statistics: [DefaultContextCache@51c15508 size = 1, maxSize = 32, parentContextCount = 0, hitCount = 3997, missCount = 1]
10:13:14.740 [main] DEBUG org.springframework.test.context.cache.DefaultCacheAwareContextLoaderDelegate - Retrieved ApplicationContext [1534365740] from cache with key [[MergedContextConfiguration@1cdb11ff testClass = ProjectServiceTest, locations = '{}', classes = '{}', contextInitializerClasses = '[]', activeProfiles = '{}', propertySourceLocations = '{}', propertySourceProperties = '{}', contextCustomizers = set[org.springframework.boot.test.context.filter.ExcludeFilterContextCustomizer@17947e6d, org.springframework.boot.test.json.DuplicateJsonObjectContextCustomizerFactory$DuplicateJsonObjectContextCustomizer@11eed657, org.springframework.boot.test.mock.mockito.MockitoContextCustomizer@0, org.springframework.boot.test.autoconfigure.properties.PropertyMappingContextCustomizer@0, org.springframework.boot.test.autoconfigure.web.servlet.WebDriverContextCustomizerFactory$Customizer@542f6803], contextLoader = 'org.springframework.test.context.support.DelegatingSmartContextLoader', parent = [null]]]
10:13:14.740 [main] DEBUG org.springframework.test.context.cache - Spring test ApplicationContext cache statistics: [DefaultContextCache@51c15508 size = 1, maxSize = 32, parentContextCount = 0, hitCount = 3998, missCount = 1]
10:13:14.740 [main] DEBUG org.springframework.test.context.cache.DefaultCacheAwareContextLoaderDelegate - Retrieved ApplicationContext [1534365740] from cache with key [[MergedContextConfiguration@1cdb11ff testClass = ProjectServiceTest, locations = '{}', classes = '{}', contextInitializerClasses = '[]', activeProfiles = '{}', propertySourceLocations = '{}', propertySourceProperties = '{}', contextCustomizers = set[org.springframework.boot.test.context.filter.ExcludeFilterContextCustomizer@17947e6d, org.springframework.boot.test.json.DuplicateJsonObjectContextCustomizerFactory$DuplicateJsonObjectContextCustomizer@11eed657, org.springframework.boot.test.mock.mockito.MockitoContextCustomizer@0, org.springframework.boot.test.autoconfigure.properties.PropertyMappingContextCustomizer@0, org.springframework.boot.test.autoconfigure.web.servlet.WebDriverContextCustomizerFactory$Customizer@542f6803], contextLoader = 'org.springframework.test.context.support.DelegatingSmartContextLoader', parent = [null]]]
10:13:14.740 [main] DEBUG org.springframework.test.context.cache - Spring test ApplicationContext cache statistics: [DefaultContextCache@51c15508 size = 1, maxSize = 32, parentContextCount = 0, hitCount = 3999, missCount = 1]
10:13:14.740 [main] DEBUG org.springframework.test.context.support.AbstractDirtiesContextTestExecutionListener - After test method: context [DefaultTestContext@3f4515a9 testClass = ProjectServiceTest, testInstance = dec.ny.gov.etrack.permit.service.impl.ProjectServiceTest@691d85be, testMethod = testUpdateDocumentReviewerCompletionDetailsMakesCallToDMS@ProjectServiceTest, testException = java.lang.NullPointerException, mergedContextConfiguration = [MergedContextConfiguration@1cdb11ff testClass = ProjectServiceTest, locations = '{}', classes = '{}', contextInitializerClasses = '[]', activeProfiles = '{}', propertySourceLocations = '{}', propertySourceProperties = '{}', contextCustomizers = set[org.springframework.boot.test.context.filter.ExcludeFilterContextCustomizer@17947e6d, org.springframework.boot.test.json.DuplicateJsonObjectContextCustomizerFactory$DuplicateJsonObjectContextCustomizer@11eed657, org.springframework.boot.test.mock.mockito.MockitoContextCustomizer@0, org.springframework.boot.test.autoconfigure.properties.PropertyMappingContextCustomizer@0, org.springframework.boot.test.autoconfigure.web.servlet.WebDriverContextCustomizerFactory$Customizer@542f6803], contextLoader = 'org.springframework.test.context.support.DelegatingSmartContextLoader', parent = [null]], attributes = map[[empty]]], class annotated with @DirtiesContext [false] with mode [null], method annotated with @DirtiesContext [false] with mode [null].
]]></system-out>
  </testcase>
  <testcase name="testSubmitProjectSavesProjectNoteForSubmittedProject" classname="dec.ny.gov.etrack.permit.service.impl.ProjectServiceTest" time="0.006"/>
  <testcase name="testSubmitProjectThrowsBREForInvalidProjectId" classname="dec.ny.gov.etrack.permit.service.impl.ProjectServiceTest" time="0.003"/>
  <testcase name="testSaveProjectWithNewFacility" classname="dec.ny.gov.etrack.permit.service.impl.ProjectServiceTest" time="0.003"/>
  <testcase name="testGetProjectPermitStatusMapsTaskStatusCorrectlyForSupportDocValInValidateMode" classname="dec.ny.gov.etrack.permit.service.impl.ProjectServiceTest" time="0.005"/>
  <testcase name="testSaveProjectThrowsBREForInvalidRecvdDate" classname="dec.ny.gov.etrack.permit.service.impl.ProjectServiceTest" time="0.004"/>
  <testcase name="testDeleteProjectsCallsDAOToDeleteProject" classname="dec.ny.gov.etrack.permit.service.impl.ProjectServiceTest" time="0.005">
    <error message="java.lang.NullPointerException" type="dec.ny.gov.etrack.permit.exception.ETrackPermitException">dec.ny.gov.etrack.permit.exception.ETrackPermitException: java.lang.NullPointerException
	at dec.ny.gov.etrack.permit.service.impl.ProjectServiceTest.testDeleteProjectsCallsDAOToDeleteProject(ProjectServiceTest.java:655)
Caused by: java.lang.NullPointerException
	at dec.ny.gov.etrack.permit.service.impl.ProjectServiceTest.testDeleteProjectsCallsDAOToDeleteProject(ProjectServiceTest.java:655)
</error>
    <system-out><![CDATA[10:13:14.775 [main] DEBUG org.springframework.test.annotation.ProfileValueUtils - Retrieved @ProfileValueSourceConfiguration [null] for test class [dec.ny.gov.etrack.permit.service.impl.ProjectServiceTest]
10:13:14.775 [main] DEBUG org.springframework.test.annotation.ProfileValueUtils - Retrieved ProfileValueSource type [class org.springframework.test.annotation.SystemProfileValueSource] for class [dec.ny.gov.etrack.permit.service.impl.ProjectServiceTest]
10:13:14.776 [main] DEBUG org.springframework.test.context.support.DependencyInjectionTestExecutionListener - Performing dependency injection for test context [[DefaultTestContext@3f4515a9 testClass = ProjectServiceTest, testInstance = dec.ny.gov.etrack.permit.service.impl.ProjectServiceTest@72bf1f93, testMethod = [null], testException = [null], mergedContextConfiguration = [MergedContextConfiguration@1cdb11ff testClass = ProjectServiceTest, locations = '{}', classes = '{}', contextInitializerClasses = '[]', activeProfiles = '{}', propertySourceLocations = '{}', propertySourceProperties = '{}', contextCustomizers = set[org.springframework.boot.test.context.filter.ExcludeFilterContextCustomizer@17947e6d, org.springframework.boot.test.json.DuplicateJsonObjectContextCustomizerFactory$DuplicateJsonObjectContextCustomizer@11eed657, org.springframework.boot.test.mock.mockito.MockitoContextCustomizer@0, org.springframework.boot.test.autoconfigure.properties.PropertyMappingContextCustomizer@0, org.springframework.boot.test.autoconfigure.web.servlet.WebDriverContextCustomizerFactory$Customizer@542f6803], contextLoader = 'org.springframework.test.context.support.DelegatingSmartContextLoader', parent = [null]], attributes = map[[empty]]]].
10:13:14.776 [main] DEBUG org.springframework.test.context.cache.DefaultCacheAwareContextLoaderDelegate - Retrieved ApplicationContext [1534365740] from cache with key [[MergedContextConfiguration@1cdb11ff testClass = ProjectServiceTest, locations = '{}', classes = '{}', contextInitializerClasses = '[]', activeProfiles = '{}', propertySourceLocations = '{}', propertySourceProperties = '{}', contextCustomizers = set[org.springframework.boot.test.context.filter.ExcludeFilterContextCustomizer@17947e6d, org.springframework.boot.test.json.DuplicateJsonObjectContextCustomizerFactory$DuplicateJsonObjectContextCustomizer@11eed657, org.springframework.boot.test.mock.mockito.MockitoContextCustomizer@0, org.springframework.boot.test.autoconfigure.properties.PropertyMappingContextCustomizer@0, org.springframework.boot.test.autoconfigure.web.servlet.WebDriverContextCustomizerFactory$Customizer@542f6803], contextLoader = 'org.springframework.test.context.support.DelegatingSmartContextLoader', parent = [null]]]
10:13:14.776 [main] DEBUG org.springframework.test.context.cache - Spring test ApplicationContext cache statistics: [DefaultContextCache@51c15508 size = 1, maxSize = 32, parentContextCount = 0, hitCount = 4055, missCount = 1]
10:13:14.776 [main] DEBUG org.springframework.test.context.cache.DefaultCacheAwareContextLoaderDelegate - Retrieved ApplicationContext [1534365740] from cache with key [[MergedContextConfiguration@1cdb11ff testClass = ProjectServiceTest, locations = '{}', classes = '{}', contextInitializerClasses = '[]', activeProfiles = '{}', propertySourceLocations = '{}', propertySourceProperties = '{}', contextCustomizers = set[org.springframework.boot.test.context.filter.ExcludeFilterContextCustomizer@17947e6d, org.springframework.boot.test.json.DuplicateJsonObjectContextCustomizerFactory$DuplicateJsonObjectContextCustomizer@11eed657, org.springframework.boot.test.mock.mockito.MockitoContextCustomizer@0, org.springframework.boot.test.autoconfigure.properties.PropertyMappingContextCustomizer@0, org.springframework.boot.test.autoconfigure.web.servlet.WebDriverContextCustomizerFactory$Customizer@542f6803], contextLoader = 'org.springframework.test.context.support.DelegatingSmartContextLoader', parent = [null]]]
10:13:14.776 [main] DEBUG org.springframework.test.context.cache - Spring test ApplicationContext cache statistics: [DefaultContextCache@51c15508 size = 1, maxSize = 32, parentContextCount = 0, hitCount = 4056, missCount = 1]
10:13:14.777 [main] DEBUG org.springframework.test.context.support.AbstractDirtiesContextTestExecutionListener - Before test method: context [DefaultTestContext@3f4515a9 testClass = ProjectServiceTest, testInstance = dec.ny.gov.etrack.permit.service.impl.ProjectServiceTest@72bf1f93, testMethod = testDeleteProjectsCallsDAOToDeleteProject@ProjectServiceTest, testException = [null], mergedContextConfiguration = [MergedContextConfiguration@1cdb11ff testClass = ProjectServiceTest, locations = '{}', classes = '{}', contextInitializerClasses = '[]', activeProfiles = '{}', propertySourceLocations = '{}', propertySourceProperties = '{}', contextCustomizers = set[org.springframework.boot.test.context.filter.ExcludeFilterContextCustomizer@17947e6d, org.springframework.boot.test.json.DuplicateJsonObjectContextCustomizerFactory$DuplicateJsonObjectContextCustomizer@11eed657, org.springframework.boot.test.mock.mockito.MockitoContextCustomizer@0, org.springframework.boot.test.autoconfigure.properties.PropertyMappingContextCustomizer@0, org.springframework.boot.test.autoconfigure.web.servlet.WebDriverContextCustomizerFactory$Customizer@542f6803], contextLoader = 'org.springframework.test.context.support.DelegatingSmartContextLoader', parent = [null]], attributes = map[[empty]]], class annotated with @DirtiesContext [false] with mode [null], method annotated with @DirtiesContext [false] with mode [null].
10:13:14.777 [main] DEBUG org.springframework.test.context.cache.DefaultCacheAwareContextLoaderDelegate - Retrieved ApplicationContext [1534365740] from cache with key [[MergedContextConfiguration@1cdb11ff testClass = ProjectServiceTest, locations = '{}', classes = '{}', contextInitializerClasses = '[]', activeProfiles = '{}', propertySourceLocations = '{}', propertySourceProperties = '{}', contextCustomizers = set[org.springframework.boot.test.context.filter.ExcludeFilterContextCustomizer@17947e6d, org.springframework.boot.test.json.DuplicateJsonObjectContextCustomizerFactory$DuplicateJsonObjectContextCustomizer@11eed657, org.springframework.boot.test.mock.mockito.MockitoContextCustomizer@0, org.springframework.boot.test.autoconfigure.properties.PropertyMappingContextCustomizer@0, org.springframework.boot.test.autoconfigure.web.servlet.WebDriverContextCustomizerFactory$Customizer@542f6803], contextLoader = 'org.springframework.test.context.support.DelegatingSmartContextLoader', parent = [null]]]
10:13:14.777 [main] DEBUG org.springframework.test.context.cache - Spring test ApplicationContext cache statistics: [DefaultContextCache@51c15508 size = 1, maxSize = 32, parentContextCount = 0, hitCount = 4057, missCount = 1]
10:13:14.777 [main] DEBUG org.springframework.test.context.cache.DefaultCacheAwareContextLoaderDelegate - Retrieved ApplicationContext [1534365740] from cache with key [[MergedContextConfiguration@1cdb11ff testClass = ProjectServiceTest, locations = '{}', classes = '{}', contextInitializerClasses = '[]', activeProfiles = '{}', propertySourceLocations = '{}', propertySourceProperties = '{}', contextCustomizers = set[org.springframework.boot.test.context.filter.ExcludeFilterContextCustomizer@17947e6d, org.springframework.boot.test.json.DuplicateJsonObjectContextCustomizerFactory$DuplicateJsonObjectContextCustomizer@11eed657, org.springframework.boot.test.mock.mockito.MockitoContextCustomizer@0, org.springframework.boot.test.autoconfigure.properties.PropertyMappingContextCustomizer@0, org.springframework.boot.test.autoconfigure.web.servlet.WebDriverContextCustomizerFactory$Customizer@542f6803], contextLoader = 'org.springframework.test.context.support.DelegatingSmartContextLoader', parent = [null]]]
10:13:14.777 [main] DEBUG org.springframework.test.context.cache - Spring test ApplicationContext cache statistics: [DefaultContextCache@51c15508 size = 1, maxSize = 32, parentContextCount = 0, hitCount = 4058, missCount = 1]
10:13:14.778 [main] DEBUG org.springframework.test.context.cache.DefaultCacheAwareContextLoaderDelegate - Retrieved ApplicationContext [1534365740] from cache with key [[MergedContextConfiguration@1cdb11ff testClass = ProjectServiceTest, locations = '{}', classes = '{}', contextInitializerClasses = '[]', activeProfiles = '{}', propertySourceLocations = '{}', propertySourceProperties = '{}', contextCustomizers = set[org.springframework.boot.test.context.filter.ExcludeFilterContextCustomizer@17947e6d, org.springframework.boot.test.json.DuplicateJsonObjectContextCustomizerFactory$DuplicateJsonObjectContextCustomizer@11eed657, org.springframework.boot.test.mock.mockito.MockitoContextCustomizer@0, org.springframework.boot.test.autoconfigure.properties.PropertyMappingContextCustomizer@0, org.springframework.boot.test.autoconfigure.web.servlet.WebDriverContextCustomizerFactory$Customizer@542f6803], contextLoader = 'org.springframework.test.context.support.DelegatingSmartContextLoader', parent = [null]]]
10:13:14.778 [main] DEBUG org.springframework.test.context.cache - Spring test ApplicationContext cache statistics: [DefaultContextCache@51c15508 size = 1, maxSize = 32, parentContextCount = 0, hitCount = 4059, missCount = 1]
10:13:14.778 [main] INFO dec.ny.gov.etrack.permit.service.impl.ProjectServiceImpl - Entering into delete project User Id: jxpuvoge, Context Id: context1234
10:13:14.778 [main] INFO dec.ny.gov.etrack.permit.service.impl.ProjectServiceImpl - Requesting to delete the project 1002 , User Id jxpuvoge, Context Id context1234
10:13:14.779 [main] DEBUG org.springframework.test.context.cache.DefaultCacheAwareContextLoaderDelegate - Retrieved ApplicationContext [1534365740] from cache with key [[MergedContextConfiguration@1cdb11ff testClass = ProjectServiceTest, locations = '{}', classes = '{}', contextInitializerClasses = '[]', activeProfiles = '{}', propertySourceLocations = '{}', propertySourceProperties = '{}', contextCustomizers = set[org.springframework.boot.test.context.filter.ExcludeFilterContextCustomizer@17947e6d, org.springframework.boot.test.json.DuplicateJsonObjectContextCustomizerFactory$DuplicateJsonObjectContextCustomizer@11eed657, org.springframework.boot.test.mock.mockito.MockitoContextCustomizer@0, org.springframework.boot.test.autoconfigure.properties.PropertyMappingContextCustomizer@0, org.springframework.boot.test.autoconfigure.web.servlet.WebDriverContextCustomizerFactory$Customizer@542f6803], contextLoader = 'org.springframework.test.context.support.DelegatingSmartContextLoader', parent = [null]]]
10:13:14.780 [main] DEBUG org.springframework.test.context.cache - Spring test ApplicationContext cache statistics: [DefaultContextCache@51c15508 size = 1, maxSize = 32, parentContextCount = 0, hitCount = 4060, missCount = 1]
10:13:14.780 [main] DEBUG org.springframework.test.context.cache.DefaultCacheAwareContextLoaderDelegate - Retrieved ApplicationContext [1534365740] from cache with key [[MergedContextConfiguration@1cdb11ff testClass = ProjectServiceTest, locations = '{}', classes = '{}', contextInitializerClasses = '[]', activeProfiles = '{}', propertySourceLocations = '{}', propertySourceProperties = '{}', contextCustomizers = set[org.springframework.boot.test.context.filter.ExcludeFilterContextCustomizer@17947e6d, org.springframework.boot.test.json.DuplicateJsonObjectContextCustomizerFactory$DuplicateJsonObjectContextCustomizer@11eed657, org.springframework.boot.test.mock.mockito.MockitoContextCustomizer@0, org.springframework.boot.test.autoconfigure.properties.PropertyMappingContextCustomizer@0, org.springframework.boot.test.autoconfigure.web.servlet.WebDriverContextCustomizerFactory$Customizer@542f6803], contextLoader = 'org.springframework.test.context.support.DelegatingSmartContextLoader', parent = [null]]]
10:13:14.780 [main] DEBUG org.springframework.test.context.cache - Spring test ApplicationContext cache statistics: [DefaultContextCache@51c15508 size = 1, maxSize = 32, parentContextCount = 0, hitCount = 4061, missCount = 1]
10:13:14.780 [main] DEBUG org.springframework.test.context.cache.DefaultCacheAwareContextLoaderDelegate - Retrieved ApplicationContext [1534365740] from cache with key [[MergedContextConfiguration@1cdb11ff testClass = ProjectServiceTest, locations = '{}', classes = '{}', contextInitializerClasses = '[]', activeProfiles = '{}', propertySourceLocations = '{}', propertySourceProperties = '{}', contextCustomizers = set[org.springframework.boot.test.context.filter.ExcludeFilterContextCustomizer@17947e6d, org.springframework.boot.test.json.DuplicateJsonObjectContextCustomizerFactory$DuplicateJsonObjectContextCustomizer@11eed657, org.springframework.boot.test.mock.mockito.MockitoContextCustomizer@0, org.springframework.boot.test.autoconfigure.properties.PropertyMappingContextCustomizer@0, org.springframework.boot.test.autoconfigure.web.servlet.WebDriverContextCustomizerFactory$Customizer@542f6803], contextLoader = 'org.springframework.test.context.support.DelegatingSmartContextLoader', parent = [null]]]
10:13:14.780 [main] DEBUG org.springframework.test.context.cache - Spring test ApplicationContext cache statistics: [DefaultContextCache@51c15508 size = 1, maxSize = 32, parentContextCount = 0, hitCount = 4062, missCount = 1]
10:13:14.780 [main] DEBUG org.springframework.test.context.cache.DefaultCacheAwareContextLoaderDelegate - Retrieved ApplicationContext [1534365740] from cache with key [[MergedContextConfiguration@1cdb11ff testClass = ProjectServiceTest, locations = '{}', classes = '{}', contextInitializerClasses = '[]', activeProfiles = '{}', propertySourceLocations = '{}', propertySourceProperties = '{}', contextCustomizers = set[org.springframework.boot.test.context.filter.ExcludeFilterContextCustomizer@17947e6d, org.springframework.boot.test.json.DuplicateJsonObjectContextCustomizerFactory$DuplicateJsonObjectContextCustomizer@11eed657, org.springframework.boot.test.mock.mockito.MockitoContextCustomizer@0, org.springframework.boot.test.autoconfigure.properties.PropertyMappingContextCustomizer@0, org.springframework.boot.test.autoconfigure.web.servlet.WebDriverContextCustomizerFactory$Customizer@542f6803], contextLoader = 'org.springframework.test.context.support.DelegatingSmartContextLoader', parent = [null]]]
10:13:14.780 [main] DEBUG org.springframework.test.context.cache - Spring test ApplicationContext cache statistics: [DefaultContextCache@51c15508 size = 1, maxSize = 32, parentContextCount = 0, hitCount = 4063, missCount = 1]
10:13:14.781 [main] DEBUG org.springframework.test.context.cache.DefaultCacheAwareContextLoaderDelegate - Retrieved ApplicationContext [1534365740] from cache with key [[MergedContextConfiguration@1cdb11ff testClass = ProjectServiceTest, locations = '{}', classes = '{}', contextInitializerClasses = '[]', activeProfiles = '{}', propertySourceLocations = '{}', propertySourceProperties = '{}', contextCustomizers = set[org.springframework.boot.test.context.filter.ExcludeFilterContextCustomizer@17947e6d, org.springframework.boot.test.json.DuplicateJsonObjectContextCustomizerFactory$DuplicateJsonObjectContextCustomizer@11eed657, org.springframework.boot.test.mock.mockito.MockitoContextCustomizer@0, org.springframework.boot.test.autoconfigure.properties.PropertyMappingContextCustomizer@0, org.springframework.boot.test.autoconfigure.web.servlet.WebDriverContextCustomizerFactory$Customizer@542f6803], contextLoader = 'org.springframework.test.context.support.DelegatingSmartContextLoader', parent = [null]]]
10:13:14.781 [main] DEBUG org.springframework.test.context.cache - Spring test ApplicationContext cache statistics: [DefaultContextCache@51c15508 size = 1, maxSize = 32, parentContextCount = 0, hitCount = 4064, missCount = 1]
10:13:14.781 [main] DEBUG org.springframework.test.context.cache.DefaultCacheAwareContextLoaderDelegate - Retrieved ApplicationContext [1534365740] from cache with key [[MergedContextConfiguration@1cdb11ff testClass = ProjectServiceTest, locations = '{}', classes = '{}', contextInitializerClasses = '[]', activeProfiles = '{}', propertySourceLocations = '{}', propertySourceProperties = '{}', contextCustomizers = set[org.springframework.boot.test.context.filter.ExcludeFilterContextCustomizer@17947e6d, org.springframework.boot.test.json.DuplicateJsonObjectContextCustomizerFactory$DuplicateJsonObjectContextCustomizer@11eed657, org.springframework.boot.test.mock.mockito.MockitoContextCustomizer@0, org.springframework.boot.test.autoconfigure.properties.PropertyMappingContextCustomizer@0, org.springframework.boot.test.autoconfigure.web.servlet.WebDriverContextCustomizerFactory$Customizer@542f6803], contextLoader = 'org.springframework.test.context.support.DelegatingSmartContextLoader', parent = [null]]]
10:13:14.781 [main] DEBUG org.springframework.test.context.cache - Spring test ApplicationContext cache statistics: [DefaultContextCache@51c15508 size = 1, maxSize = 32, parentContextCount = 0, hitCount = 4065, missCount = 1]
10:13:14.781 [main] DEBUG org.springframework.test.context.support.AbstractDirtiesContextTestExecutionListener - After test method: context [DefaultTestContext@3f4515a9 testClass = ProjectServiceTest, testInstance = dec.ny.gov.etrack.permit.service.impl.ProjectServiceTest@72bf1f93, testMethod = testDeleteProjectsCallsDAOToDeleteProject@ProjectServiceTest, testException = ETrackPermitException(errorCode=PROJECT_DELETION_FAILURE, errorMessage=Error while deleting the Project details. Error details , httpStatus=null), mergedContextConfiguration = [MergedContextConfiguration@1cdb11ff testClass = ProjectServiceTest, locations = '{}', classes = '{}', contextInitializerClasses = '[]', activeProfiles = '{}', propertySourceLocations = '{}', propertySourceProperties = '{}', contextCustomizers = set[org.springframework.boot.test.context.filter.ExcludeFilterContextCustomizer@17947e6d, org.springframework.boot.test.json.DuplicateJsonObjectContextCustomizerFactory$DuplicateJsonObjectContextCustomizer@11eed657, org.springframework.boot.test.mock.mockito.MockitoContextCustomizer@0, org.springframework.boot.test.autoconfigure.properties.PropertyMappingContextCustomizer@0, org.springframework.boot.test.autoconfigure.web.servlet.WebDriverContextCustomizerFactory$Customizer@542f6803], contextLoader = 'org.springframework.test.context.support.DelegatingSmartContextLoader', parent = [null]], attributes = map[[empty]]], class annotated with @DirtiesContext [false] with mode [null], method annotated with @DirtiesContext [false] with mode [null].
]]></system-out>
  </testcase>
  <testcase name="testAddSupportDocumentDoesNotSaveProjectActivity" classname="dec.ny.gov.etrack.permit.service.impl.ProjectServiceTest" time="0.004"/>
  <testcase name="associateGeographicalInquiryToProjectTest" classname="dec.ny.gov.etrack.permit.service.impl.ProjectServiceTest" time="0.008"/>
  <testcase name="testRejectProjectValidationThrowsBREForIneligibleProject" classname="dec.ny.gov.etrack.permit.service.impl.ProjectServiceTest" time="0.004"/>
  <testcase name="testSaveProjectThrowsBREForNoMuni" classname="dec.ny.gov.etrack.permit.service.impl.ProjectServiceTest" time="0.003"/>
  <testcase name="testStoreProjectInfoDeletesAllSICNAICSCodes" classname="dec.ny.gov.etrack.permit.service.impl.ProjectServiceTest" time="0.004"/>
  <testcase name="testGetProjectPermitStatusMapsTaskStatusCorrectlyForSubmitProjectValInValidateMode" classname="dec.ny.gov.etrack.permit.service.impl.ProjectServiceTest" time="0.01">
    <failure message="expected: &lt;1002&gt; but was: &lt;null&gt;" type="org.opentest4j.AssertionFailedError"><![CDATA[org.opentest4j.AssertionFailedError: expected: <1002> but was: <null>
	at dec.ny.gov.etrack.permit.service.impl.ProjectServiceTest.testGetProjectPermitStatusMapsTaskStatusCorrectlyForSubmitProjectValInValidateMode(ProjectServiceTest.java:354)
]]></failure>
    <system-out><![CDATA[10:13:14.819 [main] DEBUG org.springframework.test.annotation.ProfileValueUtils - Retrieved @ProfileValueSourceConfiguration [null] for test class [dec.ny.gov.etrack.permit.service.impl.ProjectServiceTest]
10:13:14.819 [main] DEBUG org.springframework.test.annotation.ProfileValueUtils - Retrieved ProfileValueSource type [class org.springframework.test.annotation.SystemProfileValueSource] for class [dec.ny.gov.etrack.permit.service.impl.ProjectServiceTest]
10:13:14.821 [main] DEBUG org.springframework.test.context.support.DependencyInjectionTestExecutionListener - Performing dependency injection for test context [[DefaultTestContext@3f4515a9 testClass = ProjectServiceTest, testInstance = dec.ny.gov.etrack.permit.service.impl.ProjectServiceTest@70bd17ed, testMethod = [null], testException = [null], mergedContextConfiguration = [MergedContextConfiguration@1cdb11ff testClass = ProjectServiceTest, locations = '{}', classes = '{}', contextInitializerClasses = '[]', activeProfiles = '{}', propertySourceLocations = '{}', propertySourceProperties = '{}', contextCustomizers = set[org.springframework.boot.test.context.filter.ExcludeFilterContextCustomizer@17947e6d, org.springframework.boot.test.json.DuplicateJsonObjectContextCustomizerFactory$DuplicateJsonObjectContextCustomizer@11eed657, org.springframework.boot.test.mock.mockito.MockitoContextCustomizer@0, org.springframework.boot.test.autoconfigure.properties.PropertyMappingContextCustomizer@0, org.springframework.boot.test.autoconfigure.web.servlet.WebDriverContextCustomizerFactory$Customizer@542f6803], contextLoader = 'org.springframework.test.context.support.DelegatingSmartContextLoader', parent = [null]], attributes = map[[empty]]]].
10:13:14.821 [main] DEBUG org.springframework.test.context.cache.DefaultCacheAwareContextLoaderDelegate - Retrieved ApplicationContext [1534365740] from cache with key [[MergedContextConfiguration@1cdb11ff testClass = ProjectServiceTest, locations = '{}', classes = '{}', contextInitializerClasses = '[]', activeProfiles = '{}', propertySourceLocations = '{}', propertySourceProperties = '{}', contextCustomizers = set[org.springframework.boot.test.context.filter.ExcludeFilterContextCustomizer@17947e6d, org.springframework.boot.test.json.DuplicateJsonObjectContextCustomizerFactory$DuplicateJsonObjectContextCustomizer@11eed657, org.springframework.boot.test.mock.mockito.MockitoContextCustomizer@0, org.springframework.boot.test.autoconfigure.properties.PropertyMappingContextCustomizer@0, org.springframework.boot.test.autoconfigure.web.servlet.WebDriverContextCustomizerFactory$Customizer@542f6803], contextLoader = 'org.springframework.test.context.support.DelegatingSmartContextLoader', parent = [null]]]
10:13:14.821 [main] DEBUG org.springframework.test.context.cache - Spring test ApplicationContext cache statistics: [DefaultContextCache@51c15508 size = 1, maxSize = 32, parentContextCount = 0, hitCount = 4121, missCount = 1]
10:13:14.821 [main] DEBUG org.springframework.test.context.cache.DefaultCacheAwareContextLoaderDelegate - Retrieved ApplicationContext [1534365740] from cache with key [[MergedContextConfiguration@1cdb11ff testClass = ProjectServiceTest, locations = '{}', classes = '{}', contextInitializerClasses = '[]', activeProfiles = '{}', propertySourceLocations = '{}', propertySourceProperties = '{}', contextCustomizers = set[org.springframework.boot.test.context.filter.ExcludeFilterContextCustomizer@17947e6d, org.springframework.boot.test.json.DuplicateJsonObjectContextCustomizerFactory$DuplicateJsonObjectContextCustomizer@11eed657, org.springframework.boot.test.mock.mockito.MockitoContextCustomizer@0, org.springframework.boot.test.autoconfigure.properties.PropertyMappingContextCustomizer@0, org.springframework.boot.test.autoconfigure.web.servlet.WebDriverContextCustomizerFactory$Customizer@542f6803], contextLoader = 'org.springframework.test.context.support.DelegatingSmartContextLoader', parent = [null]]]
10:13:14.822 [main] DEBUG org.springframework.test.context.cache - Spring test ApplicationContext cache statistics: [DefaultContextCache@51c15508 size = 1, maxSize = 32, parentContextCount = 0, hitCount = 4122, missCount = 1]
10:13:14.822 [main] DEBUG org.springframework.test.context.support.AbstractDirtiesContextTestExecutionListener - Before test method: context [DefaultTestContext@3f4515a9 testClass = ProjectServiceTest, testInstance = dec.ny.gov.etrack.permit.service.impl.ProjectServiceTest@70bd17ed, testMethod = testGetProjectPermitStatusMapsTaskStatusCorrectlyForSubmitProjectValInValidateMode@ProjectServiceTest, testException = [null], mergedContextConfiguration = [MergedContextConfiguration@1cdb11ff testClass = ProjectServiceTest, locations = '{}', classes = '{}', contextInitializerClasses = '[]', activeProfiles = '{}', propertySourceLocations = '{}', propertySourceProperties = '{}', contextCustomizers = set[org.springframework.boot.test.context.filter.ExcludeFilterContextCustomizer@17947e6d, org.springframework.boot.test.json.DuplicateJsonObjectContextCustomizerFactory$DuplicateJsonObjectContextCustomizer@11eed657, org.springframework.boot.test.mock.mockito.MockitoContextCustomizer@0, org.springframework.boot.test.autoconfigure.properties.PropertyMappingContextCustomizer@0, org.springframework.boot.test.autoconfigure.web.servlet.WebDriverContextCustomizerFactory$Customizer@542f6803], contextLoader = 'org.springframework.test.context.support.DelegatingSmartContextLoader', parent = [null]], attributes = map[[empty]]], class annotated with @DirtiesContext [false] with mode [null], method annotated with @DirtiesContext [false] with mode [null].
10:13:14.822 [main] DEBUG org.springframework.test.context.cache.DefaultCacheAwareContextLoaderDelegate - Retrieved ApplicationContext [1534365740] from cache with key [[MergedContextConfiguration@1cdb11ff testClass = ProjectServiceTest, locations = '{}', classes = '{}', contextInitializerClasses = '[]', activeProfiles = '{}', propertySourceLocations = '{}', propertySourceProperties = '{}', contextCustomizers = set[org.springframework.boot.test.context.filter.ExcludeFilterContextCustomizer@17947e6d, org.springframework.boot.test.json.DuplicateJsonObjectContextCustomizerFactory$DuplicateJsonObjectContextCustomizer@11eed657, org.springframework.boot.test.mock.mockito.MockitoContextCustomizer@0, org.springframework.boot.test.autoconfigure.properties.PropertyMappingContextCustomizer@0, org.springframework.boot.test.autoconfigure.web.servlet.WebDriverContextCustomizerFactory$Customizer@542f6803], contextLoader = 'org.springframework.test.context.support.DelegatingSmartContextLoader', parent = [null]]]
10:13:14.822 [main] DEBUG org.springframework.test.context.cache - Spring test ApplicationContext cache statistics: [DefaultContextCache@51c15508 size = 1, maxSize = 32, parentContextCount = 0, hitCount = 4123, missCount = 1]
10:13:14.822 [main] DEBUG org.springframework.test.context.cache.DefaultCacheAwareContextLoaderDelegate - Retrieved ApplicationContext [1534365740] from cache with key [[MergedContextConfiguration@1cdb11ff testClass = ProjectServiceTest, locations = '{}', classes = '{}', contextInitializerClasses = '[]', activeProfiles = '{}', propertySourceLocations = '{}', propertySourceProperties = '{}', contextCustomizers = set[org.springframework.boot.test.context.filter.ExcludeFilterContextCustomizer@17947e6d, org.springframework.boot.test.json.DuplicateJsonObjectContextCustomizerFactory$DuplicateJsonObjectContextCustomizer@11eed657, org.springframework.boot.test.mock.mockito.MockitoContextCustomizer@0, org.springframework.boot.test.autoconfigure.properties.PropertyMappingContextCustomizer@0, org.springframework.boot.test.autoconfigure.web.servlet.WebDriverContextCustomizerFactory$Customizer@542f6803], contextLoader = 'org.springframework.test.context.support.DelegatingSmartContextLoader', parent = [null]]]
10:13:14.822 [main] DEBUG org.springframework.test.context.cache - Spring test ApplicationContext cache statistics: [DefaultContextCache@51c15508 size = 1, maxSize = 32, parentContextCount = 0, hitCount = 4124, missCount = 1]
10:13:14.823 [main] DEBUG org.springframework.test.context.cache.DefaultCacheAwareContextLoaderDelegate - Retrieved ApplicationContext [1534365740] from cache with key [[MergedContextConfiguration@1cdb11ff testClass = ProjectServiceTest, locations = '{}', classes = '{}', contextInitializerClasses = '[]', activeProfiles = '{}', propertySourceLocations = '{}', propertySourceProperties = '{}', contextCustomizers = set[org.springframework.boot.test.context.filter.ExcludeFilterContextCustomizer@17947e6d, org.springframework.boot.test.json.DuplicateJsonObjectContextCustomizerFactory$DuplicateJsonObjectContextCustomizer@11eed657, org.springframework.boot.test.mock.mockito.MockitoContextCustomizer@0, org.springframework.boot.test.autoconfigure.properties.PropertyMappingContextCustomizer@0, org.springframework.boot.test.autoconfigure.web.servlet.WebDriverContextCustomizerFactory$Customizer@542f6803], contextLoader = 'org.springframework.test.context.support.DelegatingSmartContextLoader', parent = [null]]]
10:13:14.823 [main] DEBUG org.springframework.test.context.cache - Spring test ApplicationContext cache statistics: [DefaultContextCache@51c15508 size = 1, maxSize = 32, parentContextCount = 0, hitCount = 4125, missCount = 1]
10:13:14.823 [main] INFO dec.ny.gov.etrack.permit.service.impl.ProjectServiceImpl - Entering into Project permit status User Id: jxpuvoge, Context Id context1234
10:13:14.823 [main] INFO dec.ny.gov.etrack.permit.service.impl.ProjectServiceImpl - Exiting from Project permit status User Id: jxpuvoge, Context Id: context1234
10:13:14.829 [main] DEBUG org.springframework.test.context.cache.DefaultCacheAwareContextLoaderDelegate - Retrieved ApplicationContext [1534365740] from cache with key [[MergedContextConfiguration@1cdb11ff testClass = ProjectServiceTest, locations = '{}', classes = '{}', contextInitializerClasses = '[]', activeProfiles = '{}', propertySourceLocations = '{}', propertySourceProperties = '{}', contextCustomizers = set[org.springframework.boot.test.context.filter.ExcludeFilterContextCustomizer@17947e6d, org.springframework.boot.test.json.DuplicateJsonObjectContextCustomizerFactory$DuplicateJsonObjectContextCustomizer@11eed657, org.springframework.boot.test.mock.mockito.MockitoContextCustomizer@0, org.springframework.boot.test.autoconfigure.properties.PropertyMappingContextCustomizer@0, org.springframework.boot.test.autoconfigure.web.servlet.WebDriverContextCustomizerFactory$Customizer@542f6803], contextLoader = 'org.springframework.test.context.support.DelegatingSmartContextLoader', parent = [null]]]
10:13:14.829 [main] DEBUG org.springframework.test.context.cache - Spring test ApplicationContext cache statistics: [DefaultContextCache@51c15508 size = 1, maxSize = 32, parentContextCount = 0, hitCount = 4126, missCount = 1]
10:13:14.830 [main] DEBUG org.springframework.test.context.cache.DefaultCacheAwareContextLoaderDelegate - Retrieved ApplicationContext [1534365740] from cache with key [[MergedContextConfiguration@1cdb11ff testClass = ProjectServiceTest, locations = '{}', classes = '{}', contextInitializerClasses = '[]', activeProfiles = '{}', propertySourceLocations = '{}', propertySourceProperties = '{}', contextCustomizers = set[org.springframework.boot.test.context.filter.ExcludeFilterContextCustomizer@17947e6d, org.springframework.boot.test.json.DuplicateJsonObjectContextCustomizerFactory$DuplicateJsonObjectContextCustomizer@11eed657, org.springframework.boot.test.mock.mockito.MockitoContextCustomizer@0, org.springframework.boot.test.autoconfigure.properties.PropertyMappingContextCustomizer@0, org.springframework.boot.test.autoconfigure.web.servlet.WebDriverContextCustomizerFactory$Customizer@542f6803], contextLoader = 'org.springframework.test.context.support.DelegatingSmartContextLoader', parent = [null]]]
10:13:14.830 [main] DEBUG org.springframework.test.context.cache - Spring test ApplicationContext cache statistics: [DefaultContextCache@51c15508 size = 1, maxSize = 32, parentContextCount = 0, hitCount = 4127, missCount = 1]
10:13:14.830 [main] DEBUG org.springframework.test.context.cache.DefaultCacheAwareContextLoaderDelegate - Retrieved ApplicationContext [1534365740] from cache with key [[MergedContextConfiguration@1cdb11ff testClass = ProjectServiceTest, locations = '{}', classes = '{}', contextInitializerClasses = '[]', activeProfiles = '{}', propertySourceLocations = '{}', propertySourceProperties = '{}', contextCustomizers = set[org.springframework.boot.test.context.filter.ExcludeFilterContextCustomizer@17947e6d, org.springframework.boot.test.json.DuplicateJsonObjectContextCustomizerFactory$DuplicateJsonObjectContextCustomizer@11eed657, org.springframework.boot.test.mock.mockito.MockitoContextCustomizer@0, org.springframework.boot.test.autoconfigure.properties.PropertyMappingContextCustomizer@0, org.springframework.boot.test.autoconfigure.web.servlet.WebDriverContextCustomizerFactory$Customizer@542f6803], contextLoader = 'org.springframework.test.context.support.DelegatingSmartContextLoader', parent = [null]]]
10:13:14.830 [main] DEBUG org.springframework.test.context.cache - Spring test ApplicationContext cache statistics: [DefaultContextCache@51c15508 size = 1, maxSize = 32, parentContextCount = 0, hitCount = 4128, missCount = 1]
10:13:14.830 [main] DEBUG org.springframework.test.context.cache.DefaultCacheAwareContextLoaderDelegate - Retrieved ApplicationContext [1534365740] from cache with key [[MergedContextConfiguration@1cdb11ff testClass = ProjectServiceTest, locations = '{}', classes = '{}', contextInitializerClasses = '[]', activeProfiles = '{}', propertySourceLocations = '{}', propertySourceProperties = '{}', contextCustomizers = set[org.springframework.boot.test.context.filter.ExcludeFilterContextCustomizer@17947e6d, org.springframework.boot.test.json.DuplicateJsonObjectContextCustomizerFactory$DuplicateJsonObjectContextCustomizer@11eed657, org.springframework.boot.test.mock.mockito.MockitoContextCustomizer@0, org.springframework.boot.test.autoconfigure.properties.PropertyMappingContextCustomizer@0, org.springframework.boot.test.autoconfigure.web.servlet.WebDriverContextCustomizerFactory$Customizer@542f6803], contextLoader = 'org.springframework.test.context.support.DelegatingSmartContextLoader', parent = [null]]]
10:13:14.830 [main] DEBUG org.springframework.test.context.cache - Spring test ApplicationContext cache statistics: [DefaultContextCache@51c15508 size = 1, maxSize = 32, parentContextCount = 0, hitCount = 4129, missCount = 1]
10:13:14.831 [main] DEBUG org.springframework.test.context.cache.DefaultCacheAwareContextLoaderDelegate - Retrieved ApplicationContext [1534365740] from cache with key [[MergedContextConfiguration@1cdb11ff testClass = ProjectServiceTest, locations = '{}', classes = '{}', contextInitializerClasses = '[]', activeProfiles = '{}', propertySourceLocations = '{}', propertySourceProperties = '{}', contextCustomizers = set[org.springframework.boot.test.context.filter.ExcludeFilterContextCustomizer@17947e6d, org.springframework.boot.test.json.DuplicateJsonObjectContextCustomizerFactory$DuplicateJsonObjectContextCustomizer@11eed657, org.springframework.boot.test.mock.mockito.MockitoContextCustomizer@0, org.springframework.boot.test.autoconfigure.properties.PropertyMappingContextCustomizer@0, org.springframework.boot.test.autoconfigure.web.servlet.WebDriverContextCustomizerFactory$Customizer@542f6803], contextLoader = 'org.springframework.test.context.support.DelegatingSmartContextLoader', parent = [null]]]
10:13:14.832 [main] DEBUG org.springframework.test.context.cache - Spring test ApplicationContext cache statistics: [DefaultContextCache@51c15508 size = 1, maxSize = 32, parentContextCount = 0, hitCount = 4130, missCount = 1]
10:13:14.832 [main] DEBUG org.springframework.test.context.cache.DefaultCacheAwareContextLoaderDelegate - Retrieved ApplicationContext [1534365740] from cache with key [[MergedContextConfiguration@1cdb11ff testClass = ProjectServiceTest, locations = '{}', classes = '{}', contextInitializerClasses = '[]', activeProfiles = '{}', propertySourceLocations = '{}', propertySourceProperties = '{}', contextCustomizers = set[org.springframework.boot.test.context.filter.ExcludeFilterContextCustomizer@17947e6d, org.springframework.boot.test.json.DuplicateJsonObjectContextCustomizerFactory$DuplicateJsonObjectContextCustomizer@11eed657, org.springframework.boot.test.mock.mockito.MockitoContextCustomizer@0, org.springframework.boot.test.autoconfigure.properties.PropertyMappingContextCustomizer@0, org.springframework.boot.test.autoconfigure.web.servlet.WebDriverContextCustomizerFactory$Customizer@542f6803], contextLoader = 'org.springframework.test.context.support.DelegatingSmartContextLoader', parent = [null]]]
10:13:14.832 [main] DEBUG org.springframework.test.context.cache - Spring test ApplicationContext cache statistics: [DefaultContextCache@51c15508 size = 1, maxSize = 32, parentContextCount = 0, hitCount = 4131, missCount = 1]
10:13:14.832 [main] DEBUG org.springframework.test.context.support.AbstractDirtiesContextTestExecutionListener - After test method: context [DefaultTestContext@3f4515a9 testClass = ProjectServiceTest, testInstance = dec.ny.gov.etrack.permit.service.impl.ProjectServiceTest@70bd17ed, testMethod = testGetProjectPermitStatusMapsTaskStatusCorrectlyForSubmitProjectValInValidateMode@ProjectServiceTest, testException = org.opentest4j.AssertionFailedError: expected: <1002> but was: <null>, mergedContextConfiguration = [MergedContextConfiguration@1cdb11ff testClass = ProjectServiceTest, locations = '{}', classes = '{}', contextInitializerClasses = '[]', activeProfiles = '{}', propertySourceLocations = '{}', propertySourceProperties = '{}', contextCustomizers = set[org.springframework.boot.test.context.filter.ExcludeFilterContextCustomizer@17947e6d, org.springframework.boot.test.json.DuplicateJsonObjectContextCustomizerFactory$DuplicateJsonObjectContextCustomizer@11eed657, org.springframework.boot.test.mock.mockito.MockitoContextCustomizer@0, org.springframework.boot.test.autoconfigure.properties.PropertyMappingContextCustomizer@0, org.springframework.boot.test.autoconfigure.web.servlet.WebDriverContextCustomizerFactory$Customizer@542f6803], contextLoader = 'org.springframework.test.context.support.DelegatingSmartContextLoader', parent = [null]], attributes = map[[empty]]], class annotated with @DirtiesContext [false] with mode [null], method annotated with @DirtiesContext [false] with mode [null].
]]></system-out>
  </testcase>
  <testcase name="testStoreProjectInfoSavesAllExistingSICNAICSCodes" classname="dec.ny.gov.etrack.permit.service.impl.ProjectServiceTest" time="0.006"/>
  <testcase name="testStoreProjectInfoSavesDevelopmentTypes" classname="dec.ny.gov.etrack.permit.service.impl.ProjectServiceTest" time="0.006"/>
  <testcase name="testUpdateDocumentReviewerDetailsThrowsBREForInvalidDateFormat" classname="dec.ny.gov.etrack.permit.service.impl.ProjectServiceTest" time="0.121"/>
  <testcase name="testUploadProjectDetailsToEnterpriseThrowsNoExceptionsEbpIdNull" classname="dec.ny.gov.etrack.permit.service.impl.ProjectServiceTest" time="0.005"/>
</testsuite>