<?xml version="1.0" encoding="UTF-8"?>
<testsuite xmlns:xsi="http://www.w3.org/2001/XMLSchema-instance" xsi:noNamespaceSchemaLocation="https://maven.apache.org/surefire/maven-surefire-plugin/xsd/surefire-test-report.xsd" name="dec.ny.gov.etrack.permit.service.impl.EtrackPermitServiceTest" time="0.152" tests="24" errors="1" skipped="0" failures="0">
  <properties>
[...]
</properties>
  <testcase name="testRetrievePermitDetailsReturnsValidData" classname="dec.ny.gov.etrack.permit.service.impl.EtrackPermitServiceTest" time="0.005"/>
  <testcase name="testAssignContactsSavesAssignedContacts" classname="dec.ny.gov.etrack.permit.service.impl.EtrackPermitServiceTest" time="0.003"/>
  <testcase name="testStoreReviewedPermits" classname="dec.ny.gov.etrack.permit.service.impl.EtrackPermitServiceTest" time="0.006"/>
  <testcase name="testSaveApplicationPermitsSavesNonConstructionApplicationPermits" classname="dec.ny.gov.etrack.permit.service.impl.EtrackPermitServiceTest" time="0.008"/>
  <testcase name="testUpdateAmendedApplicationTransTypesThrowsBREForNoApplicationsFound" classname="dec.ny.gov.etrack.permit.service.impl.EtrackPermitServiceTest" time="0.004"/>
  <testcase name="testUpdateExistingPermitAmendDetails" classname="dec.ny.gov.etrack.permit.service.impl.EtrackPermitServiceTest" time="0.005"/>
  <testcase name="testRemoveApplicationPermitThrowsBREForInvalidProjectId" classname="dec.ny.gov.etrack.permit.service.impl.EtrackPermitServiceTest" time="0.003"/>
  <testcase name="testGetProjectDetailsCallsTransformationService" classname="dec.ny.gov.etrack.permit.service.impl.EtrackPermitServiceTest" time="0.002"/>
  <testcase name="testGetPermitTypesReturnsCorrectPermitTypes" classname="dec.ny.gov.etrack.permit.service.impl.EtrackPermitServiceTest" time="0.003"/>
  <testcase name="testSaveApplicationPermitsSavesConstructionApplicationPermits" classname="dec.ny.gov.etrack.permit.service.impl.EtrackPermitServiceTest" time="0.007"/>
  <testcase name="testAssignContactsThrowsBREForInsufficientContactDetails" classname="dec.ny.gov.etrack.permit.service.impl.EtrackPermitServiceTest" time="0.002"/>
  <testcase name="testUpdateExistingPermitAmendDetailsThrowsBREForNoExistingPermits" classname="dec.ny.gov.etrack.permit.service.impl.EtrackPermitServiceTest" time="0.003"/>
  <testcase name="testGetPermitTypesThrowsDNFEForNoDataReturned" classname="dec.ny.gov.etrack.permit.service.impl.EtrackPermitServiceTest" time="0.003"/>
  <testcase name="testUpdateAmendedApplicationTransTypesSavesUpdatedApplication" classname="dec.ny.gov.etrack.permit.service.impl.EtrackPermitServiceTest" time="0.004"/>
  <testcase name="testStoreValidatorForStepSavesValidatorForExisting" classname="dec.ny.gov.etrack.permit.service.impl.EtrackPermitServiceTest" time="0.004"/>
  <testcase name="testStoreValidatorForStepSavesValidatorForNew" classname="dec.ny.gov.etrack.permit.service.impl.EtrackPermitServiceTest" time="0.001"/>
  <testcase name="testSaveAdditionalApplicationPermitSavesAdditionalPermitToEtrack" classname="dec.ny.gov.etrack.permit.service.impl.EtrackPermitServiceTest" time="0.003">
    <error message="java.lang.NullPointerException" type="dec.ny.gov.etrack.permit.exception.ETrackPermitException">dec.ny.gov.etrack.permit.exception.ETrackPermitException: java.lang.NullPointerException
	at dec.ny.gov.etrack.permit.service.impl.EtrackPermitServiceTest.testSaveAdditionalApplicationPermitSavesAdditionalPermitToEtrack(EtrackPermitServiceTest.java:437)
Caused by: java.lang.NullPointerException
	at dec.ny.gov.etrack.permit.service.impl.EtrackPermitServiceTest.testSaveAdditionalApplicationPermitSavesAdditionalPermitToEtrack(EtrackPermitServiceTest.java:437)
</error>
    <system-out><![CDATA[10:13:14.079 [main] DEBUG org.springframework.test.annotation.ProfileValueUtils - Retrieved @ProfileValueSourceConfiguration [null] for test class [dec.ny.gov.etrack.permit.service.impl.EtrackPermitServiceTest]
10:13:14.079 [main] DEBUG org.springframework.test.annotation.ProfileValueUtils - Retrieved ProfileValueSource type [class org.springframework.test.annotation.SystemProfileValueSource] for class [dec.ny.gov.etrack.permit.service.impl.EtrackPermitServiceTest]
10:13:14.080 [main] DEBUG org.springframework.test.context.support.DependencyInjectionTestExecutionListener - Performing dependency injection for test context [[DefaultTestContext@6e59b904 testClass = EtrackPermitServiceTest, testInstance = dec.ny.gov.etrack.permit.service.impl.EtrackPermitServiceTest@bb6124c, testMethod = [null], testException = [null], mergedContextConfiguration = [MergedContextConfiguration@10f42aa9 testClass = EtrackPermitServiceTest, locations = '{}', classes = '{}', contextInitializerClasses = '[]', activeProfiles = '{}', propertySourceLocations = '{}', propertySourceProperties = '{}', contextCustomizers = set[org.springframework.boot.test.context.filter.ExcludeFilterContextCustomizer@17947e6d, org.springframework.boot.test.json.DuplicateJsonObjectContextCustomizerFactory$DuplicateJsonObjectContextCustomizer@11eed657, org.springframework.boot.test.mock.mockito.MockitoContextCustomizer@0, org.springframework.boot.test.autoconfigure.properties.PropertyMappingContextCustomizer@0, org.springframework.boot.test.autoconfigure.web.servlet.WebDriverContextCustomizerFactory$Customizer@542f6803], contextLoader = 'org.springframework.test.context.support.DelegatingSmartContextLoader', parent = [null]], attributes = map[[empty]]]].
10:13:14.080 [main] DEBUG org.springframework.test.context.cache.DefaultCacheAwareContextLoaderDelegate - Retrieved ApplicationContext [1534365740] from cache with key [[MergedContextConfiguration@10f42aa9 testClass = EtrackPermitServiceTest, locations = '{}', classes = '{}', contextInitializerClasses = '[]', activeProfiles = '{}', propertySourceLocations = '{}', propertySourceProperties = '{}', contextCustomizers = set[org.springframework.boot.test.context.filter.ExcludeFilterContextCustomizer@17947e6d, org.springframework.boot.test.json.DuplicateJsonObjectContextCustomizerFactory$DuplicateJsonObjectContextCustomizer@11eed657, org.springframework.boot.test.mock.mockito.MockitoContextCustomizer@0, org.springframework.boot.test.autoconfigure.properties.PropertyMappingContextCustomizer@0, org.springframework.boot.test.autoconfigure.web.servlet.WebDriverContextCustomizerFactory$Customizer@542f6803], contextLoader = 'org.springframework.test.context.support.DelegatingSmartContextLoader', parent = [null]]]
10:13:14.080 [main] DEBUG org.springframework.test.context.cache - Spring test ApplicationContext cache statistics: [DefaultContextCache@51c15508 size = 1, maxSize = 32, parentContextCount = 0, hitCount = 3136, missCount = 1]
10:13:14.080 [main] DEBUG org.springframework.test.context.cache.DefaultCacheAwareContextLoaderDelegate - Retrieved ApplicationContext [1534365740] from cache with key [[MergedContextConfiguration@10f42aa9 testClass = EtrackPermitServiceTest, locations = '{}', classes = '{}', contextInitializerClasses = '[]', activeProfiles = '{}', propertySourceLocations = '{}', propertySourceProperties = '{}', contextCustomizers = set[org.springframework.boot.test.context.filter.ExcludeFilterContextCustomizer@17947e6d, org.springframework.boot.test.json.DuplicateJsonObjectContextCustomizerFactory$DuplicateJsonObjectContextCustomizer@11eed657, org.springframework.boot.test.mock.mockito.MockitoContextCustomizer@0, org.springframework.boot.test.autoconfigure.properties.PropertyMappingContextCustomizer@0, org.springframework.boot.test.autoconfigure.web.servlet.WebDriverContextCustomizerFactory$Customizer@542f6803], contextLoader = 'org.springframework.test.context.support.DelegatingSmartContextLoader', parent = [null]]]
10:13:14.080 [main] DEBUG org.springframework.test.context.cache - Spring test ApplicationContext cache statistics: [DefaultContextCache@51c15508 size = 1, maxSize = 32, parentContextCount = 0, hitCount = 3137, missCount = 1]
10:13:14.080 [main] DEBUG org.springframework.test.context.support.AbstractDirtiesContextTestExecutionListener - Before test method: context [DefaultTestContext@6e59b904 testClass = EtrackPermitServiceTest, testInstance = dec.ny.gov.etrack.permit.service.impl.EtrackPermitServiceTest@bb6124c, testMethod = testSaveAdditionalApplicationPermitSavesAdditionalPermitToEtrack@EtrackPermitServiceTest, testException = [null], mergedContextConfiguration = [MergedContextConfiguration@10f42aa9 testClass = EtrackPermitServiceTest, locations = '{}', classes = '{}', contextInitializerClasses = '[]', activeProfiles = '{}', propertySourceLocations = '{}', propertySourceProperties = '{}', contextCustomizers = set[org.springframework.boot.test.context.filter.ExcludeFilterContextCustomizer@17947e6d, org.springframework.boot.test.json.DuplicateJsonObjectContextCustomizerFactory$DuplicateJsonObjectContextCustomizer@11eed657, org.springframework.boot.test.mock.mockito.MockitoContextCustomizer@0, org.springframework.boot.test.autoconfigure.properties.PropertyMappingContextCustomizer@0, org.springframework.boot.test.autoconfigure.web.servlet.WebDriverContextCustomizerFactory$Customizer@542f6803], contextLoader = 'org.springframework.test.context.support.DelegatingSmartContextLoader', parent = [null]], attributes = map[[empty]]], class annotated with @DirtiesContext [false] with mode [null], method annotated with @DirtiesContext [false] with mode [null].
10:13:14.080 [main] DEBUG org.springframework.test.context.cache.DefaultCacheAwareContextLoaderDelegate - Retrieved ApplicationContext [1534365740] from cache with key [[MergedContextConfiguration@10f42aa9 testClass = EtrackPermitServiceTest, locations = '{}', classes = '{}', contextInitializerClasses = '[]', activeProfiles = '{}', propertySourceLocations = '{}', propertySourceProperties = '{}', contextCustomizers = set[org.springframework.boot.test.context.filter.ExcludeFilterContextCustomizer@17947e6d, org.springframework.boot.test.json.DuplicateJsonObjectContextCustomizerFactory$DuplicateJsonObjectContextCustomizer@11eed657, org.springframework.boot.test.mock.mockito.MockitoContextCustomizer@0, org.springframework.boot.test.autoconfigure.properties.PropertyMappingContextCustomizer@0, org.springframework.boot.test.autoconfigure.web.servlet.WebDriverContextCustomizerFactory$Customizer@542f6803], contextLoader = 'org.springframework.test.context.support.DelegatingSmartContextLoader', parent = [null]]]
10:13:14.080 [main] DEBUG org.springframework.test.context.cache - Spring test ApplicationContext cache statistics: [DefaultContextCache@51c15508 size = 1, maxSize = 32, parentContextCount = 0, hitCount = 3138, missCount = 1]
10:13:14.080 [main] DEBUG org.springframework.test.context.cache.DefaultCacheAwareContextLoaderDelegate - Retrieved ApplicationContext [1534365740] from cache with key [[MergedContextConfiguration@10f42aa9 testClass = EtrackPermitServiceTest, locations = '{}', classes = '{}', contextInitializerClasses = '[]', activeProfiles = '{}', propertySourceLocations = '{}', propertySourceProperties = '{}', contextCustomizers = set[org.springframework.boot.test.context.filter.ExcludeFilterContextCustomizer@17947e6d, org.springframework.boot.test.json.DuplicateJsonObjectContextCustomizerFactory$DuplicateJsonObjectContextCustomizer@11eed657, org.springframework.boot.test.mock.mockito.MockitoContextCustomizer@0, org.springframework.boot.test.autoconfigure.properties.PropertyMappingContextCustomizer@0, org.springframework.boot.test.autoconfigure.web.servlet.WebDriverContextCustomizerFactory$Customizer@542f6803], contextLoader = 'org.springframework.test.context.support.DelegatingSmartContextLoader', parent = [null]]]
10:13:14.080 [main] DEBUG org.springframework.test.context.cache - Spring test ApplicationContext cache statistics: [DefaultContextCache@51c15508 size = 1, maxSize = 32, parentContextCount = 0, hitCount = 3139, missCount = 1]
10:13:14.080 [main] DEBUG org.springframework.test.context.cache.DefaultCacheAwareContextLoaderDelegate - Retrieved ApplicationContext [1534365740] from cache with key [[MergedContextConfiguration@10f42aa9 testClass = EtrackPermitServiceTest, locations = '{}', classes = '{}', contextInitializerClasses = '[]', activeProfiles = '{}', propertySourceLocations = '{}', propertySourceProperties = '{}', contextCustomizers = set[org.springframework.boot.test.context.filter.ExcludeFilterContextCustomizer@17947e6d, org.springframework.boot.test.json.DuplicateJsonObjectContextCustomizerFactory$DuplicateJsonObjectContextCustomizer@11eed657, org.springframework.boot.test.mock.mockito.MockitoContextCustomizer@0, org.springframework.boot.test.autoconfigure.properties.PropertyMappingContextCustomizer@0, org.springframework.boot.test.autoconfigure.web.servlet.WebDriverContextCustomizerFactory$Customizer@542f6803], contextLoader = 'org.springframework.test.context.support.DelegatingSmartContextLoader', parent = [null]]]
10:13:14.080 [main] DEBUG org.springframework.test.context.cache - Spring test ApplicationContext cache statistics: [DefaultContextCache@51c15508 size = 1, maxSize = 32, parentContextCount = 0, hitCount = 3140, missCount = 1]
10:13:14.081 [main] INFO dec.ny.gov.etrack.permit.service.impl.ETrackPermitServiceImpl - Entering into saveAdditionalApplicationPermit. User Id jxpuvoge, Context Id context1234
10:13:14.081 [main] INFO dec.ny.gov.etrack.permit.service.impl.ETrackPermitServiceImpl - Entering into saveAdditionalPermitApplicationInETrack. User Id jxpuvoge, Context Id context1234
10:13:14.081 [main] INFO dec.ny.gov.etrack.permit.service.impl.ETrackPermitServiceImpl - Check whether requested Trans Type NEW is valid for the permit type CE, User Id jxpuvoge, Context Id context1234
10:13:14.081 [main] INFO dec.ny.gov.etrack.permit.service.impl.ETrackPermitServiceImpl - Additional permit is created successfully. New Application Id 321, User Id jxpuvoge, Context Id context1234
10:13:14.081 [main] INFO dec.ny.gov.etrack.permit.service.impl.ETrackPermitServiceImpl - Upload this additional permit to DART Application Id 321, User Id jxpuvoge, Context Id context1234
10:13:14.081 [main] INFO dec.ny.gov.etrack.permit.service.impl.ETrackPermitServiceImpl - Making a call to eTrack-dart-district-service to invoke upload additional Permit to Dart procedure. User Id jxpuvoge, Context Id context1234, Project Id 1002
10:13:14.081 [main] ERROR dec.ny.gov.etrack.permit.service.impl.ETrackPermitServiceImpl - Error while uploading the additional permit into Dart. Application Id 321, User Id jxpuvoge, Context Id context1234
java.lang.NullPointerException: null
	at dec.ny.gov.etrack.permit.service.impl.ETrackPermitServiceImpl.saveAdditionalApplicationPermit(ETrackPermitServiceImpl.java:1046)
	at dec.ny.gov.etrack.permit.service.impl.EtrackPermitServiceTest.testSaveAdditionalApplicationPermitSavesAdditionalPermitToEtrack(EtrackPermitServiceTest.java:437)
	at sun.reflect.NativeMethodAccessorImpl.invoke0(Native Method)
	at sun.reflect.NativeMethodAccessorImpl.invoke(NativeMethodAccessorImpl.java:62)
	at sun.reflect.DelegatingMethodAccessorImpl.invoke(DelegatingMethodAccessorImpl.java:43)
	at java.lang.reflect.Method.invoke(Method.java:498)
	at org.junit.runners.model.FrameworkMethod$1.runReflectiveCall(FrameworkMethod.java:59)
	at org.junit.internal.runners.model.ReflectiveCallable.run(ReflectiveCallable.java:12)
	at org.junit.runners.model.FrameworkMethod.invokeExplosively(FrameworkMethod.java:56)
	at org.junit.internal.runners.statements.InvokeMethod.evaluate(InvokeMethod.java:17)
	at org.springframework.test.context.junit4.statements.RunBeforeTestExecutionCallbacks.evaluate(RunBeforeTestExecutionCallbacks.java:74)
	at org.springframework.test.context.junit4.statements.RunAfterTestExecutionCallbacks.evaluate(RunAfterTestExecutionCallbacks.java:84)
	at org.springframework.test.context.junit4.statements.RunBeforeTestMethodCallbacks.evaluate(RunBeforeTestMethodCallbacks.java:75)
	at org.springframework.test.context.junit4.statements.RunAfterTestMethodCallbacks.evaluate(RunAfterTestMethodCallbacks.java:86)
	at org.junit.rules.ExpectedException$ExpectedExceptionStatement.evaluate(ExpectedException.java:258)
	at org.springframework.test.context.junit4.statements.SpringRepeat.evaluate(SpringRepeat.java:84)
	at org.junit.runners.ParentRunner.runLeaf(ParentRunner.java:366)
	at org.springframework.test.context.junit4.SpringJUnit4ClassRunner.runChild(SpringJUnit4ClassRunner.java:251)
	at org.springframework.test.context.junit4.SpringJUnit4ClassRunner.runChild(SpringJUnit4ClassRunner.java:97)
	at org.junit.runners.ParentRunner$4.run(ParentRunner.java:331)
	at org.junit.runners.ParentRunner$1.schedule(ParentRunner.java:79)
	at org.junit.runners.ParentRunner.runChildren(ParentRunner.java:329)
	at org.junit.runners.ParentRunner.access$100(ParentRunner.java:66)
	at org.junit.runners.ParentRunner$2.evaluate(ParentRunner.java:293)
	at org.springframework.test.context.junit4.statements.RunBeforeTestClassCallbacks.evaluate(RunBeforeTestClassCallbacks.java:61)
	at org.springframework.test.context.junit4.statements.RunAfterTestClassCallbacks.evaluate(RunAfterTestClassCallbacks.java:70)
	at org.junit.runners.ParentRunner$3.evaluate(ParentRunner.java:306)
	at org.junit.runners.ParentRunner.run(ParentRunner.java:413)
	at org.springframework.test.context.junit4.SpringJUnit4ClassRunner.run(SpringJUnit4ClassRunner.java:190)
	at org.apache.maven.surefire.junit4.JUnit4Provider.execute(JUnit4Provider.java:365)
	at org.apache.maven.surefire.junit4.JUnit4Provider.executeWithRerun(JUnit4Provider.java:273)
	at org.apache.maven.surefire.junit4.JUnit4Provider.executeTestSet(JUnit4Provider.java:238)
	at org.apache.maven.surefire.junit4.JUnit4Provider.invoke(JUnit4Provider.java:159)
	at org.apache.maven.surefire.booter.ForkedBooter.invokeProviderInSameClassLoader(ForkedBooter.java:383)
	at org.apache.maven.surefire.booter.ForkedBooter.runSuitesInProcess(ForkedBooter.java:344)
	at org.apache.maven.surefire.booter.ForkedBooter.execute(ForkedBooter.java:125)
	at org.apache.maven.surefire.booter.ForkedBooter.main(ForkedBooter.java:417)
10:13:14.082 [main] DEBUG org.springframework.test.context.cache.DefaultCacheAwareContextLoaderDelegate - Retrieved ApplicationContext [1534365740] from cache with key [[MergedContextConfiguration@10f42aa9 testClass = EtrackPermitServiceTest, locations = '{}', classes = '{}', contextInitializerClasses = '[]', activeProfiles = '{}', propertySourceLocations = '{}', propertySourceProperties = '{}', contextCustomizers = set[org.springframework.boot.test.context.filter.ExcludeFilterContextCustomizer@17947e6d, org.springframework.boot.test.json.DuplicateJsonObjectContextCustomizerFactory$DuplicateJsonObjectContextCustomizer@11eed657, org.springframework.boot.test.mock.mockito.MockitoContextCustomizer@0, org.springframework.boot.test.autoconfigure.properties.PropertyMappingContextCustomizer@0, org.springframework.boot.test.autoconfigure.web.servlet.WebDriverContextCustomizerFactory$Customizer@542f6803], contextLoader = 'org.springframework.test.context.support.DelegatingSmartContextLoader', parent = [null]]]
10:13:14.082 [main] DEBUG org.springframework.test.context.cache - Spring test ApplicationContext cache statistics: [DefaultContextCache@51c15508 size = 1, maxSize = 32, parentContextCount = 0, hitCount = 3141, missCount = 1]
10:13:14.082 [main] DEBUG org.springframework.test.context.cache.DefaultCacheAwareContextLoaderDelegate - Retrieved ApplicationContext [1534365740] from cache with key [[MergedContextConfiguration@10f42aa9 testClass = EtrackPermitServiceTest, locations = '{}', classes = '{}', contextInitializerClasses = '[]', activeProfiles = '{}', propertySourceLocations = '{}', propertySourceProperties = '{}', contextCustomizers = set[org.springframework.boot.test.context.filter.ExcludeFilterContextCustomizer@17947e6d, org.springframework.boot.test.json.DuplicateJsonObjectContextCustomizerFactory$DuplicateJsonObjectContextCustomizer@11eed657, org.springframework.boot.test.mock.mockito.MockitoContextCustomizer@0, org.springframework.boot.test.autoconfigure.properties.PropertyMappingContextCustomizer@0, org.springframework.boot.test.autoconfigure.web.servlet.WebDriverContextCustomizerFactory$Customizer@542f6803], contextLoader = 'org.springframework.test.context.support.DelegatingSmartContextLoader', parent = [null]]]
10:13:14.082 [main] DEBUG org.springframework.test.context.cache - Spring test ApplicationContext cache statistics: [DefaultContextCache@51c15508 size = 1, maxSize = 32, parentContextCount = 0, hitCount = 3142, missCount = 1]
10:13:14.083 [main] DEBUG org.springframework.test.context.cache.DefaultCacheAwareContextLoaderDelegate - Retrieved ApplicationContext [1534365740] from cache with key [[MergedContextConfiguration@10f42aa9 testClass = EtrackPermitServiceTest, locations = '{}', classes = '{}', contextInitializerClasses = '[]', activeProfiles = '{}', propertySourceLocations = '{}', propertySourceProperties = '{}', contextCustomizers = set[org.springframework.boot.test.context.filter.ExcludeFilterContextCustomizer@17947e6d, org.springframework.boot.test.json.DuplicateJsonObjectContextCustomizerFactory$DuplicateJsonObjectContextCustomizer@11eed657, org.springframework.boot.test.mock.mockito.MockitoContextCustomizer@0, org.springframework.boot.test.autoconfigure.properties.PropertyMappingContextCustomizer@0, org.springframework.boot.test.autoconfigure.web.servlet.WebDriverContextCustomizerFactory$Customizer@542f6803], contextLoader = 'org.springframework.test.context.support.DelegatingSmartContextLoader', parent = [null]]]
10:13:14.083 [main] DEBUG org.springframework.test.context.cache - Spring test ApplicationContext cache statistics: [DefaultContextCache@51c15508 size = 1, maxSize = 32, parentContextCount = 0, hitCount = 3143, missCount = 1]
10:13:14.083 [main] DEBUG org.springframework.test.context.cache.DefaultCacheAwareContextLoaderDelegate - Retrieved ApplicationContext [1534365740] from cache with key [[MergedContextConfiguration@10f42aa9 testClass = EtrackPermitServiceTest, locations = '{}', classes = '{}', contextInitializerClasses = '[]', activeProfiles = '{}', propertySourceLocations = '{}', propertySourceProperties = '{}', contextCustomizers = set[org.springframework.boot.test.context.filter.ExcludeFilterContextCustomizer@17947e6d, org.springframework.boot.test.json.DuplicateJsonObjectContextCustomizerFactory$DuplicateJsonObjectContextCustomizer@11eed657, org.springframework.boot.test.mock.mockito.MockitoContextCustomizer@0, org.springframework.boot.test.autoconfigure.properties.PropertyMappingContextCustomizer@0, org.springframework.boot.test.autoconfigure.web.servlet.WebDriverContextCustomizerFactory$Customizer@542f6803], contextLoader = 'org.springframework.test.context.support.DelegatingSmartContextLoader', parent = [null]]]
10:13:14.083 [main] DEBUG org.springframework.test.context.cache - Spring test ApplicationContext cache statistics: [DefaultContextCache@51c15508 size = 1, maxSize = 32, parentContextCount = 0, hitCount = 3144, missCount = 1]
10:13:14.083 [main] DEBUG org.springframework.test.context.cache.DefaultCacheAwareContextLoaderDelegate - Retrieved ApplicationContext [1534365740] from cache with key [[MergedContextConfiguration@10f42aa9 testClass = EtrackPermitServiceTest, locations = '{}', classes = '{}', contextInitializerClasses = '[]', activeProfiles = '{}', propertySourceLocations = '{}', propertySourceProperties = '{}', contextCustomizers = set[org.springframework.boot.test.context.filter.ExcludeFilterContextCustomizer@17947e6d, org.springframework.boot.test.json.DuplicateJsonObjectContextCustomizerFactory$DuplicateJsonObjectContextCustomizer@11eed657, org.springframework.boot.test.mock.mockito.MockitoContextCustomizer@0, org.springframework.boot.test.autoconfigure.properties.PropertyMappingContextCustomizer@0, org.springframework.boot.test.autoconfigure.web.servlet.WebDriverContextCustomizerFactory$Customizer@542f6803], contextLoader = 'org.springframework.test.context.support.DelegatingSmartContextLoader', parent = [null]]]
10:13:14.083 [main] DEBUG org.springframework.test.context.cache - Spring test ApplicationContext cache statistics: [DefaultContextCache@51c15508 size = 1, maxSize = 32, parentContextCount = 0, hitCount = 3145, missCount = 1]
10:13:14.083 [main] DEBUG org.springframework.test.context.cache.DefaultCacheAwareContextLoaderDelegate - Retrieved ApplicationContext [1534365740] from cache with key [[MergedContextConfiguration@10f42aa9 testClass = EtrackPermitServiceTest, locations = '{}', classes = '{}', contextInitializerClasses = '[]', activeProfiles = '{}', propertySourceLocations = '{}', propertySourceProperties = '{}', contextCustomizers = set[org.springframework.boot.test.context.filter.ExcludeFilterContextCustomizer@17947e6d, org.springframework.boot.test.json.DuplicateJsonObjectContextCustomizerFactory$DuplicateJsonObjectContextCustomizer@11eed657, org.springframework.boot.test.mock.mockito.MockitoContextCustomizer@0, org.springframework.boot.test.autoconfigure.properties.PropertyMappingContextCustomizer@0, org.springframework.boot.test.autoconfigure.web.servlet.WebDriverContextCustomizerFactory$Customizer@542f6803], contextLoader = 'org.springframework.test.context.support.DelegatingSmartContextLoader', parent = [null]]]
10:13:14.083 [main] DEBUG org.springframework.test.context.cache - Spring test ApplicationContext cache statistics: [DefaultContextCache@51c15508 size = 1, maxSize = 32, parentContextCount = 0, hitCount = 3146, missCount = 1]
10:13:14.083 [main] DEBUG org.springframework.test.context.support.AbstractDirtiesContextTestExecutionListener - After test method: context [DefaultTestContext@6e59b904 testClass = EtrackPermitServiceTest, testInstance = dec.ny.gov.etrack.permit.service.impl.EtrackPermitServiceTest@bb6124c, testMethod = testSaveAdditionalApplicationPermitSavesAdditionalPermitToEtrack@EtrackPermitServiceTest, testException = ETrackPermitException(errorCode=ADDITIONAL_PERMIT_PERSIST_IN_DART_ERR, errorMessage=Error while persisting the Additional permit., httpStatus=null), mergedContextConfiguration = [MergedContextConfiguration@10f42aa9 testClass = EtrackPermitServiceTest, locations = '{}', classes = '{}', contextInitializerClasses = '[]', activeProfiles = '{}', propertySourceLocations = '{}', propertySourceProperties = '{}', contextCustomizers = set[org.springframework.boot.test.context.filter.ExcludeFilterContextCustomizer@17947e6d, org.springframework.boot.test.json.DuplicateJsonObjectContextCustomizerFactory$DuplicateJsonObjectContextCustomizer@11eed657, org.springframework.boot.test.mock.mockito.MockitoContextCustomizer@0, org.springframework.boot.test.autoconfigure.properties.PropertyMappingContextCustomizer@0, org.springframework.boot.test.autoconfigure.web.servlet.WebDriverContextCustomizerFactory$Customizer@542f6803], contextLoader = 'org.springframework.test.context.support.DelegatingSmartContextLoader', parent = [null]], attributes = map[[empty]]], class annotated with @DirtiesContext [false] with mode [null], method annotated with @DirtiesContext [false] with mode [null].
]]></system-out>
  </testcase>
  <testcase name="testRemoveApplicationPermitCallsRepoToDeleteApplication" classname="dec.ny.gov.etrack.permit.service.impl.EtrackPermitServiceTest" time="0.002"/>
  <testcase name="testUpdateAmendedApplicationTransTypesThrowsBREForNoDartPermits" classname="dec.ny.gov.etrack.permit.service.impl.EtrackPermitServiceTest" time="0.003"/>
  <testcase name="testAssignContactsThrowsBREForNoContacts" classname="dec.ny.gov.etrack.permit.service.impl.EtrackPermitServiceTest" time="0.001"/>
  <testcase name="testUpdateExistingPermitAmendDetailsThrowsBREForInvalidCompletionDate" classname="dec.ny.gov.etrack.permit.service.impl.EtrackPermitServiceTest" time="0.001"/>
  <testcase name="testGetProjectDetailsThrowsBREForNoProjectsReturned" classname="dec.ny.gov.etrack.permit.service.impl.EtrackPermitServiceTest" time="0.002"/>
  <testcase name="testUpdateAmendedApplicationTransTypesThrowsBREForInvalidProjectId" classname="dec.ny.gov.etrack.permit.service.impl.EtrackPermitServiceTest" time="0.001"/>
  <testcase name="testRetrievePermitDetailsReturnEmptyListIfNoApplicationsFound" classname="dec.ny.gov.etrack.permit.service.impl.EtrackPermitServiceTest" time="0.001"/>
</testsuite>