<?xml version="1.0" encoding="UTF-8"?>
<testsuite xmlns:xsi="http://www.w3.org/2001/XMLSchema-instance" xsi:noNamespaceSchemaLocation="https://maven.apache.org/surefire/maven-surefire-plugin/xsd/surefire-test-report.xsd" name="dec.ny.gov.etrack.dart.db.dao.DashboardDetailDAOTest" time="0.079" tests="20" errors="0" skipped="0" failures="0">
  <properties>
[...]
</properties>
  <testcase name="retrieveDARTDueAppsNegative100Test" classname="dec.ny.gov.etrack.dart.db.dao.DashboardDetailDAOTest" time="0"/>
  <testcase name="retrieveDARTDisposedAppsTest" classname="dec.ny.gov.etrack.dart.db.dao.DashboardDetailDAOTest" time="0"/>
  <testcase name="retrieveDARTAplctResponseDueAppsTest" classname="dec.ny.gov.etrack.dart.db.dao.DashboardDetailDAOTest" time="0"/>
  <testcase name="retrieveEmergencyAuthorizationAppsNegative100Test" classname="dec.ny.gov.etrack.dart.db.dao.DashboardDetailDAOTest" time="0.008"/>
  <testcase name="retrieveDARTDisposedAppsNegative100Test" classname="dec.ny.gov.etrack.dart.db.dao.DashboardDetailDAOTest" time="0.005"/>
  <testcase name="findAllReviewProjectDetailsByUserIdNegative100Test" classname="dec.ny.gov.etrack.dart.db.dao.DashboardDetailDAOTest" time="0.012"/>
  <testcase name="retrieveEmergencyAuthorizationApps100Test" classname="dec.ny.gov.etrack.dart.db.dao.DashboardDetailDAOTest" time="0.005"/>
  <testcase name="findAllReviewProjectDetailsByUserId100Test" classname="dec.ny.gov.etrack.dart.db.dao.DashboardDetailDAOTest" time="0.004"/>
  <testcase name="retrieveDARTSuspendedAppsNegative100Test" classname="dec.ny.gov.etrack.dart.db.dao.DashboardDetailDAOTest" time="0.004"/>
  <testcase name="retrieveDARTDueAppsTest" classname="dec.ny.gov.etrack.dart.db.dao.DashboardDetailDAOTest" time="0.002"/>
  <testcase name="retrieveDARTSuspendedAppsTest" classname="dec.ny.gov.etrack.dart.db.dao.DashboardDetailDAOTest" time="0.002"/>
  <testcase name="retrieveDARTPendingApplicationsNegative100Test" classname="dec.ny.gov.etrack.dart.db.dao.DashboardDetailDAOTest" time="0.005"/>
  <testcase name="retrieveDARTPendingApplications100Test" classname="dec.ny.gov.etrack.dart.db.dao.DashboardDetailDAOTest" time="0.005"/>
  <testcase name="retrieveDARTDueAppsExceptionTest" classname="dec.ny.gov.etrack.dart.db.dao.DashboardDetailDAOTest" time="0.002"/>
  <testcase name="retrieveDARTAplctResponseDueApps100Test" classname="dec.ny.gov.etrack.dart.db.dao.DashboardDetailDAOTest" time="0.001"/>
  <testcase name="retrieveDARTSuspendedApps100Test" classname="dec.ny.gov.etrack.dart.db.dao.DashboardDetailDAOTest" time="0.003"/>
  <testcase name="retrieveDARTDueApps100Test" classname="dec.ny.gov.etrack.dart.db.dao.DashboardDetailDAOTest" time="0.003"/>
  <testcase name="retrieveDARTDisposedApps100Test" classname="dec.ny.gov.etrack.dart.db.dao.DashboardDetailDAOTest" time="0.005"/>
  <testcase name="retrieveDARTPendingApplicationsTest" classname="dec.ny.gov.etrack.dart.db.dao.DashboardDetailDAOTest" time="0.003"/>
  <testcase name="retrieveDARTAplctResponseDueAppsNegative100Test" classname="dec.ny.gov.etrack.dart.db.dao.DashboardDetailDAOTest" time="0.004"/>
</testsuite>